[ 2016-10-31T15:30:05+08:00 ] 114.243.168.55 /admin.php?c=Index&a=index
INFO: [ app_begin ] --START--
INFO: ReadHtmlCache Behavior ::run [ RunTime:0.002985s ]
INFO: [ app_begin ] --END-- [ RunTime:0.003079s ]
NOTIC: [8] Use of undefined constant CURL_SSLVERSION_TLSv1 - assumed 'CURL_SSLVERSION_TLSv1' D:\ceshi\source\class\checkFunc.class.php 第 0 行.
NOTIC: [8] Use of undefined constant CURL_SSLVERSION_TLSv1 - assumed 'CURL_SSLVERSION_TLSv1' D:\ceshi\source\class\checkFunc.class.php 第 0 行.
SQL: SHOW COLUMNS FROM `pigcms_admin_group` [ RunTime:0.005748s ]
SQL: SHOW COLUMNS FROM `pigcms_admin` [ RunTime:0.015010s ]
SQL: SHOW COLUMNS FROM `pigcms_admin_rbac` [ RunTime:0.005860s ]
SQL: SHOW COLUMNS FROM `pigcms_admin_group` [ RunTime:0.001424s ]
SQL: SHOW COLUMNS FROM `pigcms_system_menu` [ RunTime:0.003345s ]
SQL: SHOW COLUMNS FROM `pigcms_system_rbac_menu` [ RunTime:0.003073s ]
NOTIC: [8] Undefined index: type D:\ceshi\source\tp\Project\Lib\Action\BaseAction.class.php 第 0 行.
INFO: [ view_parse ] --START--
NOTIC: [8] Undefined variable: config D:\ceshi\cache\admin_runtime\Cache\2d36a2df0574e2907131625914cd1da4.php 第 17 行.
INFO: ParseTemplate Behavior ::run [ RunTime:0.039206s ]
INFO: [ view_parse ] --END-- [ RunTime:0.039284s ]
INFO: [ view_filter ] --START--
INFO: ContentReplace Behavior ::run [ RunTime:0.006618s ]
INFO: TokenBuild Behavior ::run [ RunTime:0.002222s ]
INFO: WriteHtmlCache Behavior ::run [ RunTime:0.001689s ]
INFO: ShowRuntime Behavior ::run [ RunTime:0.000866s ]
INFO: [ view_filter ] --END-- [ RunTime:0.011561s ]
INFO: [ view_end ] --START--
INFO: ShowPageTrace Behavior ::run [ RunTime:0.003240s ]
INFO: [ view_end ] --END-- [ RunTime:0.003295s ]

[ 2016-10-31T15:30:06+08:00 ] 114.243.168.55 /admin.php?c=Login&a=index
INFO: [ app_begin ] --START--
INFO: ReadHtmlCache Behavior ::run [ RunTime:0.000580s ]
INFO: [ app_begin ] --END-- [ RunTime:0.000660s ]
SQL: SHOW COLUMNS FROM `pigcms_config` [ RunTime:0.006319s ]
INFO: [ view_parse ] --START--
INFO: ParseTemplate Behavior ::run [ RunTime:0.008724s ]
INFO: [ view_parse ] --END-- [ RunTime:0.008822s ]
INFO: [ view_filter ] --START--
INFO: ContentReplace Behavior ::run [ RunTime:0.000451s ]
INFO: TokenBuild Behavior ::run [ RunTime:0.000441s ]
INFO: WriteHtmlCache Behavior ::run [ RunTime:0.000375s ]
INFO: ShowRuntime Behavior ::run [ RunTime:0.000505s ]
INFO: [ view_filter ] --END-- [ RunTime:0.001935s ]
INFO: [ view_end ] --START--
INFO: ShowPageTrace Behavior ::run [ RunTime:0.000603s ]
INFO: [ view_end ] --END-- [ RunTime:0.000655s ]

[ 2016-10-31T15:30:06+08:00 ] 114.243.168.55 /admin.php?c=Login&a=verify
INFO: [ app_begin ] --START--
INFO: ReadHtmlCache Behavior ::run [ RunTime:0.000745s ]
INFO: [ app_begin ] --END-- [ RunTime:0.000842s ]

