[ 2016-10-29T10:58:01+08:00 ] 123.113.190.215 /admin.php?c=Index&a=index
INFO: [ app_begin ] --START--
INFO: ReadHtmlCache Behavior ::run [ RunTime:0.002473s ]
INFO: [ app_begin ] --END-- [ RunTime:0.002577s ]
NOTIC: [8] Use of undefined constant CURL_SSLVERSION_TLSv1 - assumed 'CURL_SSLVERSION_TLSv1' D:\ceshi\source\class\checkFunc.class.php 第 0 行.
SQL: SHOW COLUMNS FROM `pigcms_admin_group` [ RunTime:0.016942s ]
SQL: SHOW COLUMNS FROM `pigcms_admin` [ RunTime:0.006973s ]
SQL: SHOW COLUMNS FROM `pigcms_admin_rbac` [ RunTime:0.005288s ]
SQL: SHOW COLUMNS FROM `pigcms_admin_group` [ RunTime:0.001340s ]
SQL: SHOW COLUMNS FROM `pigcms_system_menu` [ RunTime:0.003683s ]
SQL: SHOW COLUMNS FROM `pigcms_system_rbac_menu` [ RunTime:0.001911s ]
NOTIC: [8] Undefined index: type D:\ceshi\source\tp\Project\Lib\Action\BaseAction.class.php 第 0 行.
INFO: [ view_parse ] --START--
NOTIC: [8] Undefined variable: config D:\ceshi\cache\admin_runtime\Cache\2d36a2df0574e2907131625914cd1da4.php 第 17 行.
INFO: ParseTemplate Behavior ::run [ RunTime:0.030758s ]
INFO: [ view_parse ] --END-- [ RunTime:0.030833s ]
INFO: [ view_filter ] --START--
INFO: ContentReplace Behavior ::run [ RunTime:0.003016s ]
INFO: TokenBuild Behavior ::run [ RunTime:0.001928s ]
INFO: WriteHtmlCache Behavior ::run [ RunTime:0.001511s ]
INFO: ShowRuntime Behavior ::run [ RunTime:0.000841s ]
INFO: [ view_filter ] --END-- [ RunTime:0.007452s ]
INFO: [ view_end ] --START--
INFO: ShowPageTrace Behavior ::run [ RunTime:0.003179s ]
INFO: [ view_end ] --END-- [ RunTime:0.003235s ]

[ 2016-10-29T10:58:01+08:00 ] 123.113.190.215 /admin.php?c=Login&a=index
INFO: [ app_begin ] --START--
INFO: ReadHtmlCache Behavior ::run [ RunTime:0.000510s ]
INFO: [ app_begin ] --END-- [ RunTime:0.000589s ]
SQL: SHOW COLUMNS FROM `pigcms_config` [ RunTime:0.002638s ]
INFO: [ view_parse ] --START--
INFO: ParseTemplate Behavior ::run [ RunTime:0.007556s ]
INFO: [ view_parse ] --END-- [ RunTime:0.007649s ]
INFO: [ view_filter ] --START--
INFO: ContentReplace Behavior ::run [ RunTime:0.000349s ]
INFO: TokenBuild Behavior ::run [ RunTime:0.000330s ]
INFO: WriteHtmlCache Behavior ::run [ RunTime:0.000249s ]
INFO: ShowRuntime Behavior ::run [ RunTime:0.000383s ]
INFO: [ view_filter ] --END-- [ RunTime:0.001468s ]
INFO: [ view_end ] --START--
INFO: ShowPageTrace Behavior ::run [ RunTime:0.000480s ]
INFO: [ view_end ] --END-- [ RunTime:0.000533s ]

[ 2016-10-29T10:58:01+08:00 ] 123.113.190.215 /admin.php?c=Login&a=verify
INFO: [ app_begin ] --START--
INFO: ReadHtmlCache Behavior ::run [ RunTime:0.000437s ]
INFO: [ app_begin ] --END-- [ RunTime:0.000513s ]

