[ 2016-10-27T10:02:21+08:00 ] 221.220.102.88 /admin.php?c=Index&a=index
INFO: [ app_begin ] --START--
INFO: ReadHtmlCache Behavior ::run [ RunTime:0.002902s ]
INFO: [ app_begin ] --END-- [ RunTime:0.002991s ]
NOTIC: [8] Use of undefined constant CURL_SSLVERSION_TLSv1 - assumed 'CURL_SSLVERSION_TLSv1' D:\ceshi\source\class\checkFunc.class.php 第 0 行.
SQL: SHOW COLUMNS FROM `pigcms_admin_group` [ RunTime:0.017151s ]
SQL: SHOW COLUMNS FROM `pigcms_admin` [ RunTime:0.008073s ]
SQL: SHOW COLUMNS FROM `pigcms_admin_rbac` [ RunTime:0.004640s ]
SQL: SHOW COLUMNS FROM `pigcms_admin_group` [ RunTime:0.001353s ]
SQL: SHOW COLUMNS FROM `pigcms_system_menu` [ RunTime:0.004449s ]
SQL: SHOW COLUMNS FROM `pigcms_system_rbac_menu` [ RunTime:0.001953s ]
NOTIC: [8] Undefined index: type D:\ceshi\source\tp\Project\Lib\Action\BaseAction.class.php 第 0 行.
INFO: [ view_parse ] --START--
NOTIC: [8] Undefined variable: config D:\ceshi\cache\admin_runtime\Cache\2d36a2df0574e2907131625914cd1da4.php 第 17 行.
INFO: ParseTemplate Behavior ::run [ RunTime:0.014996s ]
INFO: [ view_parse ] --END-- [ RunTime:0.015060s ]
INFO: [ view_filter ] --START--
INFO: ContentReplace Behavior ::run [ RunTime:0.004691s ]
INFO: TokenBuild Behavior ::run [ RunTime:0.001972s ]
INFO: WriteHtmlCache Behavior ::run [ RunTime:0.001962s ]
INFO: ShowRuntime Behavior ::run [ RunTime:0.000741s ]
INFO: [ view_filter ] --END-- [ RunTime:0.009535s ]
INFO: [ view_end ] --START--
INFO: ShowPageTrace Behavior ::run [ RunTime:0.002246s ]
INFO: [ view_end ] --END-- [ RunTime:0.002304s ]

[ 2016-10-27T10:02:21+08:00 ] 221.220.102.88 /admin.php?c=Login&a=index
INFO: [ app_begin ] --START--
INFO: ReadHtmlCache Behavior ::run [ RunTime:0.000539s ]
INFO: [ app_begin ] --END-- [ RunTime:0.000627s ]
SQL: SHOW COLUMNS FROM `pigcms_config` [ RunTime:0.002623s ]
INFO: [ view_parse ] --START--
INFO: ParseTemplate Behavior ::run [ RunTime:0.011053s ]
INFO: [ view_parse ] --END-- [ RunTime:0.011169s ]
INFO: [ view_filter ] --START--
INFO: ContentReplace Behavior ::run [ RunTime:0.000573s ]
INFO: TokenBuild Behavior ::run [ RunTime:0.000644s ]
INFO: WriteHtmlCache Behavior ::run [ RunTime:0.000462s ]
INFO: ShowRuntime Behavior ::run [ RunTime:0.000659s ]
INFO: [ view_filter ] --END-- [ RunTime:0.002555s ]
INFO: [ view_end ] --START--
INFO: ShowPageTrace Behavior ::run [ RunTime:0.000774s ]
INFO: [ view_end ] --END-- [ RunTime:0.000839s ]

[ 2016-10-27T10:02:21+08:00 ] 221.220.102.88 /admin.php?c=Login&a=verify
INFO: [ app_begin ] --START--
INFO: ReadHtmlCache Behavior ::run [ RunTime:0.000534s ]
INFO: [ app_begin ] --END-- [ RunTime:0.000611s ]

[ 2016-10-27T10:02:27+08:00 ] 221.220.102.88 /admin.php?c=Login&a=check
INFO: [ app_begin ] --START--
INFO: ReadHtmlCache Behavior ::run [ RunTime:0.000817s ]
INFO: [ app_begin ] --END-- [ RunTime:0.000939s ]
NOTIC: 建议使用I方法替代_post
SQL: SHOW COLUMNS FROM `pigcms_admin` [ RunTime:0.001892s ]
NOTIC: 建议使用I方法替代_post
SQL: SELECT `id`,`account`,`pwd`,`realname`,`phone`,`email`,`qq`,`avatar`,`last_ip`,`last_time`,`login_count`,`status`,`reward_total`,`reward_balance`,`reward_unbalance`,`group_id`,`type`,`creator`,`province`,`city`,`county`,`area_level`,`agent_code`,`open_id`,`area_admin` FROM `pigcms_admin` WHERE ( `account` = 'admin' ) LIMIT 1   [ RunTime:0.000479s ]
NOTIC: 建议使用I方法替代_post
SQL: UPDATE `pigcms_admin` SET `last_ip`=-572758440,`last_time`=1477533747,`login_count`=338 WHERE ( `id` = 1 ) [ RunTime:0.000301s ]

[ 2016-10-27T10:02:28+08:00 ] 221.220.102.88 /admin.php?c=Index&a=index
INFO: [ app_begin ] --START--
INFO: ReadHtmlCache Behavior ::run [ RunTime:0.000553s ]
INFO: [ app_begin ] --END-- [ RunTime:0.000648s ]
NOTIC: [8] Use of undefined constant CURL_SSLVERSION_TLSv1 - assumed 'CURL_SSLVERSION_TLSv1' D:\ceshi\source\class\checkFunc.class.php 第 0 行.
SQL: SHOW COLUMNS FROM `pigcms_admin_group` [ RunTime:0.001650s ]
SQL: SHOW COLUMNS FROM `pigcms_admin` [ RunTime:0.001635s ]
SQL: SHOW COLUMNS FROM `pigcms_admin_rbac` [ RunTime:0.001402s ]
SQL: SHOW COLUMNS FROM `pigcms_admin_group` [ RunTime:0.001352s ]
SQL: SHOW COLUMNS FROM `pigcms_system_menu` [ RunTime:0.001407s ]
SQL: SHOW COLUMNS FROM `pigcms_system_rbac_menu` [ RunTime:0.001538s ]
SQL: SELECT `id`,`account`,`pwd`,`realname`,`phone`,`email`,`qq`,`avatar`,`last_ip`,`last_time`,`login_count`,`status`,`reward_total`,`reward_balance`,`reward_unbalance`,`group_id`,`type`,`creator`,`province`,`city`,`county`,`area_level`,`agent_code`,`open_id`,`area_admin` FROM `pigcms_admin` WHERE ( `id` = 1 ) LIMIT 1   [ RunTime:0.000419s ]
SQL: SHOW COLUMNS FROM `pigcms_config` [ RunTime:0.001396s ]
NOTIC: [8] Undefined index: my_version D:\ceshi\source\tp\Project\Lib\Action\BaseAction.class.php 第 0 行.
SQL: SELECT `id`,`account`,`pwd`,`realname`,`phone`,`email`,`qq`,`avatar`,`last_ip`,`last_time`,`login_count`,`status`,`reward_total`,`reward_balance`,`reward_unbalance`,`group_id`,`type`,`creator`,`province`,`city`,`county`,`area_level`,`agent_code`,`open_id`,`area_admin` FROM `pigcms_admin` WHERE ( `id` = 1 ) LIMIT 1   [ RunTime:0.000202s ]
SQL: SELECT `id`,`fid`,`name`,`module`,`action`,`sort`,`show`,`status`,`is_admin` FROM `pigcms_system_menu` WHERE ( `status` = 1 ) AND ( `show` = 1 ) ORDER BY `sort` DESC,`fid` ASC,`id` ASC  [ RunTime:0.000260s ]
INFO: [ view_parse ] --START--
NOTIC: [8] Undefined index: module D:\ceshi\cache\admin_runtime\Cache\dabfdd5e316629f9792ad535da8452c2.php 第 7 行.
NOTIC: [8] Undefined index: action D:\ceshi\cache\admin_runtime\Cache\dabfdd5e316629f9792ad535da8452c2.php 第 7 行.
NOTIC: [8] Undefined index: url D:\ceshi\cache\admin_runtime\Cache\dabfdd5e316629f9792ad535da8452c2.php 第 7 行.
NOTIC: [8] Undefined index: user D:\ceshi\cache\admin_runtime\Cache\dabfdd5e316629f9792ad535da8452c2.php 第 24 行.
NOTIC: [8] Undefined index: user D:\ceshi\cache\admin_runtime\Cache\dabfdd5e316629f9792ad535da8452c2.php 第 25 行.
INFO: ParseTemplate Behavior ::run [ RunTime:0.014534s ]
INFO: [ view_parse ] --END-- [ RunTime:0.014600s ]
INFO: [ view_filter ] --START--
INFO: ContentReplace Behavior ::run [ RunTime:0.000501s ]
INFO: TokenBuild Behavior ::run [ RunTime:0.000419s ]
INFO: WriteHtmlCache Behavior ::run [ RunTime:0.000340s ]
INFO: ShowRuntime Behavior ::run [ RunTime:0.000470s ]
INFO: [ view_filter ] --END-- [ RunTime:0.001882s ]
INFO: [ view_end ] --START--
INFO: ShowPageTrace Behavior ::run [ RunTime:0.000564s ]
INFO: [ view_end ] --END-- [ RunTime:0.000615s ]

[ 2016-10-27T10:02:28+08:00 ] 221.220.102.88 /admin.php?c=Index&a=main
INFO: [ app_begin ] --START--
INFO: ReadHtmlCache Behavior ::run [ RunTime:0.000529s ]
INFO: [ app_begin ] --END-- [ RunTime:0.000608s ]
NOTIC: [8] Use of undefined constant CURL_SSLVERSION_TLSv1 - assumed 'CURL_SSLVERSION_TLSv1' D:\ceshi\source\class\checkFunc.class.php 第 0 行.
SQL: SHOW COLUMNS FROM `pigcms_admin_group` [ RunTime:0.001640s ]
SQL: SHOW COLUMNS FROM `pigcms_admin` [ RunTime:0.001617s ]
SQL: SHOW COLUMNS FROM `pigcms_admin_rbac` [ RunTime:0.001376s ]
SQL: SHOW COLUMNS FROM `pigcms_admin_group` [ RunTime:0.001368s ]
SQL: SHOW COLUMNS FROM `pigcms_system_menu` [ RunTime:0.001368s ]
SQL: SHOW COLUMNS FROM `pigcms_system_rbac_menu` [ RunTime:0.001362s ]
SQL: SELECT `id`,`account`,`pwd`,`realname`,`phone`,`email`,`qq`,`avatar`,`last_ip`,`last_time`,`login_count`,`status`,`reward_total`,`reward_balance`,`reward_unbalance`,`group_id`,`type`,`creator`,`province`,`city`,`county`,`area_level`,`agent_code`,`open_id`,`area_admin` FROM `pigcms_admin` WHERE ( `id` = 1 ) LIMIT 1   [ RunTime:0.000237s ]
SQL: SHOW COLUMNS FROM `pigcms_config` [ RunTime:0.001407s ]
NOTIC: [8] Undefined index: my_version D:\ceshi\source\tp\Project\Lib\Action\BaseAction.class.php 第 0 行.
SQL: SHOW COLUMNS FROM `pigcms_system_info` [ RunTime:0.003867s ]
SQL: SELECT * FROM `pigcms_system_info` ORDER BY lastsqlupdate DESC LIMIT 1   [ RunTime:0.000164s ]
SQL: SELECT `id`,`account`,`pwd`,`realname`,`phone`,`email`,`qq`,`avatar`,`last_ip`,`last_time`,`login_count`,`status`,`reward_total`,`reward_balance`,`reward_unbalance`,`group_id`,`type`,`creator`,`province`,`city`,`county`,`area_level`,`agent_code`,`open_id`,`area_admin` FROM `pigcms_admin` WHERE ( `id` = 1 ) LIMIT 1   [ RunTime:0.000179s ]
SQL: SELECT * FROM `pigcms_admin_group` WHERE ( `id` = 0 ) LIMIT 1   [ RunTime:0.000142s ]
SQL: SHOW COLUMNS FROM `pigcms_user` [ RunTime:0.001760s ]
SQL: SELECT COUNT(uid) AS tp_count FROM `pigcms_user` LIMIT 1   [ RunTime:0.000224s ]
SQL: SELECT COUNT(uid) AS tp_count FROM `pigcms_user` WHERE ( `is_seller` = 1 ) LIMIT 1   [ RunTime:0.000414s ]
SQL: SHOW COLUMNS FROM `pigcms_store` [ RunTime:0.002928s ]
SQL: SELECT COUNT(store_id) AS tp_count FROM `pigcms_store` LIMIT 1   [ RunTime:0.000233s ]
SQL: SHOW COLUMNS FROM `pigcms_order` [ RunTime:0.002730s ]
SQL: SELECT COUNT(order_id) AS tp_count FROM `pigcms_order` LIMIT 1   [ RunTime:0.000347s ]
SQL: SHOW COLUMNS FROM `pigcms_product` [ RunTime:0.002137s ]
SQL: SELECT COUNT(product_id) AS tp_count FROM `pigcms_product` LIMIT 1   [ RunTime:0.000202s ]
SQL: SELECT COUNT(uid) AS tp_count FROM `pigcms_user` WHERE ( reg_time >= '1477411200' AND reg_time <= '1477497599' ) LIMIT 1   [ RunTime:0.000403s ]
SQL: SELECT COUNT(uid) AS tp_count FROM `pigcms_store` WHERE ( date_added >= '1477411200' AND date_added <= '1477497599' ) LIMIT 1   [ RunTime:0.000423s ]
SQL: SELECT COUNT(order_id) AS tp_count FROM `pigcms_order` WHERE ( `status` = 1 ) LIMIT 1   [ RunTime:0.079110s ]
SQL: SELECT COUNT(order_id) AS tp_count FROM `pigcms_order` WHERE ( `status` = 2 ) LIMIT 1   [ RunTime:0.000508s ]
SQL: SELECT COUNT(order_id) AS tp_count FROM `pigcms_order` WHERE ( `status` = 3 ) LIMIT 1   [ RunTime:0.000381s ]
SQL: SELECT COUNT(order_id) AS tp_count FROM `pigcms_order` WHERE ( add_time >= '1477411200' AND add_time <= '1477497599' ) LIMIT 1   [ RunTime:0.000467s ]
SQL: SELECT COUNT(product_id) AS tp_count FROM `pigcms_product` WHERE ( `status` = 1 ) LIMIT 1   [ RunTime:0.000403s ]
SQL: SELECT COUNT(product_id) AS tp_count FROM `pigcms_product` WHERE ( date_added >= '1477411200' AND date_added <= '1477497599' ) LIMIT 1   [ RunTime:0.000400s ]
INFO: [ view_parse ] --START--
NOTIC: [8] Undefined index: frame_show D:\ceshi\cache\admin_runtime\Cache\403c21eaeb0752ea7e03b5e4f25f0895.php 第 7 行.
NOTIC: [8] Undefined variable: withdrawal_count D:\ceshi\cache\admin_runtime\Cache\403c21eaeb0752ea7e03b5e4f25f0895.php 第 20 行.
NOTIC: [8] Undefined variable: unprocessed D:\ceshi\cache\admin_runtime\Cache\403c21eaeb0752ea7e03b5e4f25f0895.php 第 25 行.
NOTIC: [8] Undefined variable: bg_color D:\ceshi\cache\admin_runtime\Cache\403c21eaeb0752ea7e03b5e4f25f0895.php 第 37 行.
INFO: ParseTemplate Behavior ::run [ RunTime:0.015496s ]
INFO: [ view_parse ] --END-- [ RunTime:0.015565s ]
INFO: [ view_filter ] --START--
INFO: ContentReplace Behavior ::run [ RunTime:0.000435s ]
INFO: TokenBuild Behavior ::run [ RunTime:0.000409s ]
INFO: WriteHtmlCache Behavior ::run [ RunTime:0.000332s ]
INFO: ShowRuntime Behavior ::run [ RunTime:0.000455s ]
INFO: [ view_filter ] --END-- [ RunTime:0.001783s ]
INFO: [ view_end ] --START--
INFO: ShowPageTrace Behavior ::run [ RunTime:0.000549s ]
INFO: [ view_end ] --END-- [ RunTime:0.000605s ]

[ 2016-10-27T10:02:30+08:00 ] 221.220.102.88 /admin.php?c=Physical&a=index
INFO: [ app_begin ] --START--
INFO: ReadHtmlCache Behavior ::run [ RunTime:0.000566s ]
INFO: [ app_begin ] --END-- [ RunTime:0.000656s ]
NOTIC: [8] Use of undefined constant CURL_SSLVERSION_TLSv1 - assumed 'CURL_SSLVERSION_TLSv1' D:\ceshi\source\class\checkFunc.class.php 第 0 行.
SQL: SHOW COLUMNS FROM `pigcms_admin_group` [ RunTime:0.001694s ]
SQL: SHOW COLUMNS FROM `pigcms_admin` [ RunTime:0.001832s ]
SQL: SHOW COLUMNS FROM `pigcms_admin_rbac` [ RunTime:0.001392s ]
SQL: SHOW COLUMNS FROM `pigcms_admin_group` [ RunTime:0.001808s ]
SQL: SHOW COLUMNS FROM `pigcms_system_menu` [ RunTime:0.001605s ]
SQL: SHOW COLUMNS FROM `pigcms_system_rbac_menu` [ RunTime:0.001420s ]
SQL: SELECT `id`,`account`,`pwd`,`realname`,`phone`,`email`,`qq`,`avatar`,`last_ip`,`last_time`,`login_count`,`status`,`reward_total`,`reward_balance`,`reward_unbalance`,`group_id`,`type`,`creator`,`province`,`city`,`county`,`area_level`,`agent_code`,`open_id`,`area_admin` FROM `pigcms_admin` WHERE ( `id` = 1 ) LIMIT 1   [ RunTime:0.000240s ]
SQL: SHOW COLUMNS FROM `pigcms_config` [ RunTime:0.001400s ]
NOTIC: [8] Undefined index: my_version D:\ceshi\source\tp\Project\Lib\Action\BaseAction.class.php 第 0 行.
SQL: SHOW COLUMNS FROM `pigcms_store_physical` [ RunTime:0.001687s ]
SQL: SHOW COLUMNS FROM `pigcms_sale_category` [ RunTime:0.011210s ]
SQL: SHOW COLUMNS FROM `pigcms_user` [ RunTime:0.001844s ]
NOTIC: 建议使用I方法替代_get
NOTIC: 建议使用I方法替代_get
SQL: SELECT COUNT(*) AS tp_count FROM `pigcms_store_physical` LIMIT 1   [ RunTime:0.000170s ]
NOTIC: 建议使用I方法替代_request
NOTIC: 建议使用I方法替代_get
SQL: SELECT * FROM `pigcms_store_physical` ORDER BY store_id DESC LIMIT 0,10   [ RunTime:0.000210s ]
SQL: SHOW COLUMNS FROM `pigcms_store` [ RunTime:0.002807s ]
SQL: SELECT * FROM `pigcms_store` WHERE ( `store_id` = 56 ) LIMIT 1   [ RunTime:0.000868s ]
SQL: SELECT * FROM `pigcms_user` WHERE ( `uid` = 105 ) LIMIT 1   [ RunTime:0.000447s ]
SQL: SELECT * FROM `pigcms_sale_category` WHERE ( `cat_id` = 21 ) LIMIT 1   [ RunTime:0.000147s ]
SQL: SELECT * FROM `pigcms_store` WHERE ( `store_id` = 33 ) LIMIT 1   [ RunTime:0.000509s ]
SQL: SELECT * FROM `pigcms_user` WHERE ( `uid` = 18 ) LIMIT 1   [ RunTime:0.000333s ]
SQL: SELECT * FROM `pigcms_sale_category` WHERE ( `cat_id` = 34 ) LIMIT 1   [ RunTime:0.000139s ]
SQL: SELECT * FROM `pigcms_store` WHERE ( `store_id` = 33 ) LIMIT 1   [ RunTime:0.000249s ]
SQL: SELECT * FROM `pigcms_user` WHERE ( `uid` = 18 ) LIMIT 1   [ RunTime:0.000172s ]
SQL: SELECT * FROM `pigcms_sale_category` WHERE ( `cat_id` = 34 ) LIMIT 1   [ RunTime:0.000137s ]
SQL: SELECT * FROM `pigcms_store` WHERE ( `store_id` = 32 ) LIMIT 1   [ RunTime:0.000498s ]
SQL: SELECT * FROM `pigcms_user` WHERE ( `uid` = 17 ) LIMIT 1   [ RunTime:0.000337s ]
SQL: SELECT * FROM `pigcms_sale_category` WHERE ( `cat_id` = 22 ) LIMIT 1   [ RunTime:0.000137s ]
SQL: SELECT * FROM `pigcms_store` WHERE ( `store_id` = 28 ) LIMIT 1   [ RunTime:0.000502s ]
SQL: SELECT * FROM `pigcms_user` WHERE ( `uid` = 15 ) LIMIT 1   [ RunTime:0.000327s ]
SQL: SELECT * FROM `pigcms_sale_category` WHERE ( `cat_id` = 22 ) LIMIT 1   [ RunTime:0.000131s ]
SQL: SELECT * FROM `pigcms_store` WHERE ( `store_id` = 26 ) LIMIT 1   [ RunTime:0.000477s ]
SQL: SELECT * FROM `pigcms_user` WHERE ( `uid` = 13 ) LIMIT 1   [ RunTime:0.000323s ]
SQL: SELECT * FROM `pigcms_sale_category` WHERE ( `cat_id` = 22 ) LIMIT 1   [ RunTime:0.000131s ]
SQL: SELECT * FROM `pigcms_store` WHERE ( `store_id` = 18 ) LIMIT 1   [ RunTime:0.000476s ]
SQL: SELECT * FROM `pigcms_user` WHERE ( `uid` = 5 ) LIMIT 1   [ RunTime:0.000321s ]
SQL: SELECT * FROM `pigcms_sale_category` WHERE ( `cat_id` = 35 ) LIMIT 1   [ RunTime:0.000130s ]
SQL: SELECT * FROM `pigcms_store` WHERE ( `store_id` = 18 ) LIMIT 1   [ RunTime:0.000259s ]
SQL: SELECT * FROM `pigcms_user` WHERE ( `uid` = 5 ) LIMIT 1   [ RunTime:0.000169s ]
SQL: SELECT * FROM `pigcms_sale_category` WHERE ( `cat_id` = 35 ) LIMIT 1   [ RunTime:0.000131s ]
SQL: SELECT * FROM `pigcms_store` WHERE ( `store_id` = 5 ) LIMIT 1   [ RunTime:0.000689s ]
SQL: SELECT * FROM `pigcms_user` WHERE ( `uid` = 7 ) LIMIT 1   [ RunTime:0.000332s ]
SQL: SELECT * FROM `pigcms_sale_category` WHERE ( `cat_id` = 1 ) LIMIT 1   [ RunTime:0.000139s ]
SQL: SELECT * FROM `pigcms_store` WHERE ( `store_id` = 1 ) LIMIT 1   [ RunTime:0.000481s ]
SQL: SELECT * FROM `pigcms_user` WHERE ( `uid` = 6 ) LIMIT 1   [ RunTime:0.000319s ]
SQL: SELECT * FROM `pigcms_sale_category` WHERE ( `cat_id` = 1 ) LIMIT 1   [ RunTime:0.000135s ]
INFO: [ view_parse ] --START--
NOTIC: [8] Undefined index: frame_show D:\ceshi\cache\admin_runtime\Cache\47dc7ae5d789734b95b47a9a20bfd466.php 第 7 行.
NOTIC: [8] Undefined variable: withdrawal_count D:\ceshi\cache\admin_runtime\Cache\47dc7ae5d789734b95b47a9a20bfd466.php 第 20 行.
NOTIC: [8] Undefined variable: unprocessed D:\ceshi\cache\admin_runtime\Cache\47dc7ae5d789734b95b47a9a20bfd466.php 第 25 行.
NOTIC: [8] Undefined variable: bg_color D:\ceshi\cache\admin_runtime\Cache\47dc7ae5d789734b95b47a9a20bfd466.php 第 37 行.
NOTIC: [8] Undefined index: type D:\ceshi\cache\admin_runtime\Cache\47dc7ae5d789734b95b47a9a20bfd466.php 第 58 行.
NOTIC: [8] Undefined index: type D:\ceshi\cache\admin_runtime\Cache\47dc7ae5d789734b95b47a9a20bfd466.php 第 59 行.
NOTIC: [8] Undefined index: type D:\ceshi\cache\admin_runtime\Cache\47dc7ae5d789734b95b47a9a20bfd466.php 第 60 行.
NOTIC: [8] Undefined index: keyword D:\ceshi\cache\admin_runtime\Cache\47dc7ae5d789734b95b47a9a20bfd466.php 第 63 行.
INFO: ParseTemplate Behavior ::run [ RunTime:0.030536s ]
INFO: [ view_parse ] --END-- [ RunTime:0.030613s ]
INFO: [ view_filter ] --START--
INFO: ContentReplace Behavior ::run [ RunTime:0.000570s ]
INFO: TokenBuild Behavior ::run [ RunTime:0.000553s ]
INFO: WriteHtmlCache Behavior ::run [ RunTime:0.000475s ]
INFO: ShowRuntime Behavior ::run [ RunTime:0.000504s ]
INFO: [ view_filter ] --END-- [ RunTime:0.002284s ]
INFO: [ view_end ] --START--
INFO: ShowPageTrace Behavior ::run [ RunTime:0.000586s ]
INFO: [ view_end ] --END-- [ RunTime:0.000641s ]

[ 2016-10-27T10:02:31+08:00 ] 221.220.102.88 /admin.php?c=Physical&a=chcate
INFO: [ app_begin ] --START--
INFO: ReadHtmlCache Behavior ::run [ RunTime:0.000553s ]
INFO: [ app_begin ] --END-- [ RunTime:0.000631s ]
NOTIC: [8] Use of undefined constant CURL_SSLVERSION_TLSv1 - assumed 'CURL_SSLVERSION_TLSv1' D:\ceshi\source\class\checkFunc.class.php 第 0 行.
SQL: SHOW COLUMNS FROM `pigcms_admin_group` [ RunTime:0.001695s ]
SQL: SHOW COLUMNS FROM `pigcms_admin` [ RunTime:0.001646s ]
SQL: SHOW COLUMNS FROM `pigcms_admin_rbac` [ RunTime:0.002008s ]
SQL: SHOW COLUMNS FROM `pigcms_admin_group` [ RunTime:0.001447s ]
SQL: SHOW COLUMNS FROM `pigcms_system_menu` [ RunTime:0.001424s ]
SQL: SHOW COLUMNS FROM `pigcms_system_rbac_menu` [ RunTime:0.001752s ]
SQL: SELECT `id`,`account`,`pwd`,`realname`,`phone`,`email`,`qq`,`avatar`,`last_ip`,`last_time`,`login_count`,`status`,`reward_total`,`reward_balance`,`reward_unbalance`,`group_id`,`type`,`creator`,`province`,`city`,`county`,`area_level`,`agent_code`,`open_id`,`area_admin` FROM `pigcms_admin` WHERE ( `id` = 1 ) LIMIT 1   [ RunTime:0.000261s ]
SQL: SHOW COLUMNS FROM `pigcms_config` [ RunTime:0.001545s ]
NOTIC: [8] Undefined index: my_version D:\ceshi\source\tp\Project\Lib\Action\BaseAction.class.php 第 0 行.
SQL: SHOW COLUMNS FROM `pigcms_chahui_category` [ RunTime:0.029854s ]
SQL: SELECT COUNT(cat_id) AS tp_count FROM `pigcms_chahui_category` LIMIT 1   [ RunTime:0.000356s ]
SQL: SELECT * FROM `pigcms_chahui_category` ORDER BY cat_id DESC LIMIT 0,20   [ RunTime:0.000168s ]
INFO: [ view_parse ] --START--
NOTIC: [8] Undefined index: frame_show D:\ceshi\cache\admin_runtime\Cache\98e6107541d5d5da28c125f14d54b959.php 第 7 行.
NOTIC: [8] Undefined variable: withdrawal_count D:\ceshi\cache\admin_runtime\Cache\98e6107541d5d5da28c125f14d54b959.php 第 20 行.
NOTIC: [8] Undefined variable: unprocessed D:\ceshi\cache\admin_runtime\Cache\98e6107541d5d5da28c125f14d54b959.php 第 25 行.
NOTIC: [8] Undefined variable: bg_color D:\ceshi\cache\admin_runtime\Cache\98e6107541d5d5da28c125f14d54b959.php 第 37 行.
NOTIC: [8] Undefined index: cat_level D:\ceshi\cache\admin_runtime\Cache\98e6107541d5d5da28c125f14d54b959.php 第 70 行.
NOTIC: [8] Undefined index: cat_level D:\ceshi\cache\admin_runtime\Cache\98e6107541d5d5da28c125f14d54b959.php 第 70 行.
NOTIC: [8] Undefined index: cat_desc D:\ceshi\cache\admin_runtime\Cache\98e6107541d5d5da28c125f14d54b959.php 第 71 行.
NOTIC: [8] Undefined index: cat_level D:\ceshi\cache\admin_runtime\Cache\98e6107541d5d5da28c125f14d54b959.php 第 70 行.
NOTIC: [8] Undefined index: cat_level D:\ceshi\cache\admin_runtime\Cache\98e6107541d5d5da28c125f14d54b959.php 第 70 行.
NOTIC: [8] Undefined index: cat_desc D:\ceshi\cache\admin_runtime\Cache\98e6107541d5d5da28c125f14d54b959.php 第 71 行.
NOTIC: [8] Undefined index: cat_level D:\ceshi\cache\admin_runtime\Cache\98e6107541d5d5da28c125f14d54b959.php 第 70 行.
NOTIC: [8] Undefined index: cat_level D:\ceshi\cache\admin_runtime\Cache\98e6107541d5d5da28c125f14d54b959.php 第 70 行.
NOTIC: [8] Undefined index: cat_desc D:\ceshi\cache\admin_runtime\Cache\98e6107541d5d5da28c125f14d54b959.php 第 71 行.
NOTIC: [8] Undefined index: cat_level D:\ceshi\cache\admin_runtime\Cache\98e6107541d5d5da28c125f14d54b959.php 第 70 行.
NOTIC: [8] Undefined index: cat_level D:\ceshi\cache\admin_runtime\Cache\98e6107541d5d5da28c125f14d54b959.php 第 70 行.
NOTIC: [8] Undefined index: cat_desc D:\ceshi\cache\admin_runtime\Cache\98e6107541d5d5da28c125f14d54b959.php 第 71 行.
NOTIC: [8] Undefined index: cat_level D:\ceshi\cache\admin_runtime\Cache\98e6107541d5d5da28c125f14d54b959.php 第 70 行.
NOTIC: [8] Undefined index: cat_level D:\ceshi\cache\admin_runtime\Cache\98e6107541d5d5da28c125f14d54b959.php 第 70 行.
NOTIC: [8] Undefined index: cat_desc D:\ceshi\cache\admin_runtime\Cache\98e6107541d5d5da28c125f14d54b959.php 第 71 行.
NOTIC: [8] Undefined index: cat_level D:\ceshi\cache\admin_runtime\Cache\98e6107541d5d5da28c125f14d54b959.php 第 70 行.
NOTIC: [8] Undefined index: cat_level D:\ceshi\cache\admin_runtime\Cache\98e6107541d5d5da28c125f14d54b959.php 第 70 行.
NOTIC: [8] Undefined index: cat_desc D:\ceshi\cache\admin_runtime\Cache\98e6107541d5d5da28c125f14d54b959.php 第 71 行.
NOTIC: [8] Undefined index: cat_level D:\ceshi\cache\admin_runtime\Cache\98e6107541d5d5da28c125f14d54b959.php 第 70 行.
NOTIC: [8] Undefined index: cat_level D:\ceshi\cache\admin_runtime\Cache\98e6107541d5d5da28c125f14d54b959.php 第 70 行.
NOTIC: [8] Undefined index: cat_desc D:\ceshi\cache\admin_runtime\Cache\98e6107541d5d5da28c125f14d54b959.php 第 71 行.
NOTIC: [8] Undefined index: cat_level D:\ceshi\cache\admin_runtime\Cache\98e6107541d5d5da28c125f14d54b959.php 第 70 行.
NOTIC: [8] Undefined index: cat_level D:\ceshi\cache\admin_runtime\Cache\98e6107541d5d5da28c125f14d54b959.php 第 70 行.
NOTIC: [8] Undefined index: cat_desc D:\ceshi\cache\admin_runtime\Cache\98e6107541d5d5da28c125f14d54b959.php 第 71 行.
NOTIC: [8] Undefined index: cat_level D:\ceshi\cache\admin_runtime\Cache\98e6107541d5d5da28c125f14d54b959.php 第 70 行.
NOTIC: [8] Undefined index: cat_level D:\ceshi\cache\admin_runtime\Cache\98e6107541d5d5da28c125f14d54b959.php 第 70 行.
NOTIC: [8] Undefined index: cat_desc D:\ceshi\cache\admin_runtime\Cache\98e6107541d5d5da28c125f14d54b959.php 第 71 行.
NOTIC: [8] Undefined index: cat_level D:\ceshi\cache\admin_runtime\Cache\98e6107541d5d5da28c125f14d54b959.php 第 70 行.
NOTIC: [8] Undefined index: cat_level D:\ceshi\cache\admin_runtime\Cache\98e6107541d5d5da28c125f14d54b959.php 第 70 行.
NOTIC: [8] Undefined index: cat_desc D:\ceshi\cache\admin_runtime\Cache\98e6107541d5d5da28c125f14d54b959.php 第 71 行.
NOTIC: [8] Undefined index: cat_level D:\ceshi\cache\admin_runtime\Cache\98e6107541d5d5da28c125f14d54b959.php 第 70 行.
NOTIC: [8] Undefined index: cat_level D:\ceshi\cache\admin_runtime\Cache\98e6107541d5d5da28c125f14d54b959.php 第 70 行.
NOTIC: [8] Undefined index: cat_desc D:\ceshi\cache\admin_runtime\Cache\98e6107541d5d5da28c125f14d54b959.php 第 71 行.
NOTIC: [8] Undefined index: cat_level D:\ceshi\cache\admin_runtime\Cache\98e6107541d5d5da28c125f14d54b959.php 第 70 行.
NOTIC: [8] Undefined index: cat_level D:\ceshi\cache\admin_runtime\Cache\98e6107541d5d5da28c125f14d54b959.php 第 70 行.
NOTIC: [8] Undefined index: cat_desc D:\ceshi\cache\admin_runtime\Cache\98e6107541d5d5da28c125f14d54b959.php 第 71 行.
NOTIC: [8] Undefined index: cat_level D:\ceshi\cache\admin_runtime\Cache\98e6107541d5d5da28c125f14d54b959.php 第 70 行.
NOTIC: [8] Undefined index: cat_level D:\ceshi\cache\admin_runtime\Cache\98e6107541d5d5da28c125f14d54b959.php 第 70 行.
NOTIC: [8] Undefined index: cat_desc D:\ceshi\cache\admin_runtime\Cache\98e6107541d5d5da28c125f14d54b959.php 第 71 行.
INFO: ParseTemplate Behavior ::run [ RunTime:0.028232s ]
INFO: [ view_parse ] --END-- [ RunTime:0.028309s ]
INFO: [ view_filter ] --START--
INFO: ContentReplace Behavior ::run [ RunTime:0.000500s ]
INFO: TokenBuild Behavior ::run [ RunTime:0.000426s ]
INFO: WriteHtmlCache Behavior ::run [ RunTime:0.000343s ]
INFO: ShowRuntime Behavior ::run [ RunTime:0.000469s ]
INFO: [ view_filter ] --END-- [ RunTime:0.001892s ]
INFO: [ view_end ] --START--
INFO: ShowPageTrace Behavior ::run [ RunTime:0.000564s ]
INFO: [ view_end ] --END-- [ RunTime:0.000616s ]

[ 2016-10-27T10:02:41+08:00 ] 221.220.102.88 /admin.php?c=Physical&a=chcate_edit&id=25
INFO: [ app_begin ] --START--
INFO: ReadHtmlCache Behavior ::run [ RunTime:0.000753s ]
INFO: [ app_begin ] --END-- [ RunTime:0.000855s ]
NOTIC: [8] Use of undefined constant CURL_SSLVERSION_TLSv1 - assumed 'CURL_SSLVERSION_TLSv1' D:\ceshi\source\class\checkFunc.class.php 第 0 行.
SQL: SHOW COLUMNS FROM `pigcms_admin_group` [ RunTime:0.001668s ]
SQL: SHOW COLUMNS FROM `pigcms_admin` [ RunTime:0.001618s ]
SQL: SHOW COLUMNS FROM `pigcms_admin_rbac` [ RunTime:0.001364s ]
SQL: SHOW COLUMNS FROM `pigcms_admin_group` [ RunTime:0.001376s ]
SQL: SHOW COLUMNS FROM `pigcms_system_menu` [ RunTime:0.001561s ]
SQL: SHOW COLUMNS FROM `pigcms_system_rbac_menu` [ RunTime:0.001518s ]
SQL: SELECT `id`,`account`,`pwd`,`realname`,`phone`,`email`,`qq`,`avatar`,`last_ip`,`last_time`,`login_count`,`status`,`reward_total`,`reward_balance`,`reward_unbalance`,`group_id`,`type`,`creator`,`province`,`city`,`county`,`area_level`,`agent_code`,`open_id`,`area_admin` FROM `pigcms_admin` WHERE ( `id` = 1 ) LIMIT 1   [ RunTime:0.000238s ]
SQL: SHOW COLUMNS FROM `pigcms_config` [ RunTime:0.001393s ]
NOTIC: [8] Undefined index: my_version D:\ceshi\source\tp\Project\Lib\Action\BaseAction.class.php 第 0 行.
SQL: SHOW COLUMNS FROM `pigcms_chahui_category` [ RunTime:0.001380s ]
NOTIC: 建议使用I方法替代_get
SQL: SHOW COLUMNS FROM `pigcms_chahui_category` [ RunTime:0.001358s ]
SQL: SELECT * FROM `pigcms_chahui_category` WHERE ( `cat_id` = 25 ) LIMIT 1   [ RunTime:0.000418s ]
NOTIC: [8] Undefined variable: categories D:\ceshi\source\tp\Project\Lib\Action\PhysicalAction.class.php 第 384 行.
INFO: [ view_parse ] --START--
NOTIC: [8] Undefined index: frame_show D:\ceshi\cache\admin_runtime\Cache\8a6296a67aba00405fb04a77b91a2cd9.php 第 7 行.
NOTIC: [8] Undefined variable: withdrawal_count D:\ceshi\cache\admin_runtime\Cache\8a6296a67aba00405fb04a77b91a2cd9.php 第 20 行.
NOTIC: [8] Undefined variable: unprocessed D:\ceshi\cache\admin_runtime\Cache\8a6296a67aba00405fb04a77b91a2cd9.php 第 25 行.
INFO: ParseTemplate Behavior ::run [ RunTime:0.025744s ]
INFO: [ view_parse ] --END-- [ RunTime:0.025815s ]
INFO: [ view_filter ] --START--
INFO: ContentReplace Behavior ::run [ RunTime:0.000451s ]
INFO: TokenBuild Behavior ::run [ RunTime:0.000420s ]
INFO: WriteHtmlCache Behavior ::run [ RunTime:0.000346s ]
INFO: ShowRuntime Behavior ::run [ RunTime:0.000463s ]
INFO: [ view_filter ] --END-- [ RunTime:0.001832s ]
INFO: [ view_end ] --START--
INFO: ShowPageTrace Behavior ::run [ RunTime:0.000561s ]
INFO: [ view_end ] --END-- [ RunTime:0.000613s ]

[ 2016-10-27T10:02:46+08:00 ] 221.220.102.88 /admin.php?c=Physical&a=chcate_edit&id=25
INFO: [ app_begin ] --START--
INFO: ReadHtmlCache Behavior ::run [ RunTime:0.000533s ]
INFO: [ app_begin ] --END-- [ RunTime:0.000609s ]
NOTIC: [8] Use of undefined constant CURL_SSLVERSION_TLSv1 - assumed 'CURL_SSLVERSION_TLSv1' D:\ceshi\source\class\checkFunc.class.php 第 0 行.
SQL: SHOW COLUMNS FROM `pigcms_admin_group` [ RunTime:0.001720s ]
SQL: SHOW COLUMNS FROM `pigcms_admin` [ RunTime:0.001657s ]
SQL: SHOW COLUMNS FROM `pigcms_admin_rbac` [ RunTime:0.001471s ]
SQL: SHOW COLUMNS FROM `pigcms_admin_group` [ RunTime:0.001354s ]
SQL: SHOW COLUMNS FROM `pigcms_system_menu` [ RunTime:0.001360s ]
SQL: SHOW COLUMNS FROM `pigcms_system_rbac_menu` [ RunTime:0.001345s ]
SQL: SELECT `id`,`account`,`pwd`,`realname`,`phone`,`email`,`qq`,`avatar`,`last_ip`,`last_time`,`login_count`,`status`,`reward_total`,`reward_balance`,`reward_unbalance`,`group_id`,`type`,`creator`,`province`,`city`,`county`,`area_level`,`agent_code`,`open_id`,`area_admin` FROM `pigcms_admin` WHERE ( `id` = 1 ) LIMIT 1   [ RunTime:0.000237s ]
SQL: SHOW COLUMNS FROM `pigcms_config` [ RunTime:0.001405s ]
NOTIC: [8] Undefined index: my_version D:\ceshi\source\tp\Project\Lib\Action\BaseAction.class.php 第 0 行.
SQL: SHOW COLUMNS FROM `pigcms_chahui_category` [ RunTime:0.001578s ]
NOTIC: 建议使用I方法替代_get
SQL: SHOW COLUMNS FROM `pigcms_chahui_category` [ RunTime:0.001341s ]
SQL: SELECT * FROM `pigcms_chahui_category` WHERE ( `cat_id` = 25 ) LIMIT 1   [ RunTime:0.000171s ]
NOTIC: [8] Undefined variable: categories D:\ceshi\source\tp\Project\Lib\Action\PhysicalAction.class.php 第 384 行.
INFO: [ view_parse ] --START--
NOTIC: [8] Undefined index: frame_show D:\ceshi\cache\admin_runtime\Cache\8a6296a67aba00405fb04a77b91a2cd9.php 第 7 行.
NOTIC: [8] Undefined variable: withdrawal_count D:\ceshi\cache\admin_runtime\Cache\8a6296a67aba00405fb04a77b91a2cd9.php 第 20 行.
NOTIC: [8] Undefined variable: unprocessed D:\ceshi\cache\admin_runtime\Cache\8a6296a67aba00405fb04a77b91a2cd9.php 第 25 行.
INFO: ParseTemplate Behavior ::run [ RunTime:0.009492s ]
INFO: [ view_parse ] --END-- [ RunTime:0.009560s ]
INFO: [ view_filter ] --START--
INFO: ContentReplace Behavior ::run [ RunTime:0.000463s ]
INFO: TokenBuild Behavior ::run [ RunTime:0.000414s ]
INFO: WriteHtmlCache Behavior ::run [ RunTime:0.000357s ]
INFO: ShowRuntime Behavior ::run [ RunTime:0.000461s ]
INFO: [ view_filter ] --END-- [ RunTime:0.001846s ]
INFO: [ view_end ] --START--
INFO: ShowPageTrace Behavior ::run [ RunTime:0.000572s ]
INFO: [ view_end ] --END-- [ RunTime:0.000624s ]

[ 2016-10-27T10:02:55+08:00 ] 221.220.102.88 /admin.php?c=Physical&a=chcate_edit
INFO: [ app_begin ] --START--
INFO: ReadHtmlCache Behavior ::run [ RunTime:0.000553s ]
INFO: [ app_begin ] --END-- [ RunTime:0.000638s ]
NOTIC: [8] Use of undefined constant CURL_SSLVERSION_TLSv1 - assumed 'CURL_SSLVERSION_TLSv1' D:\ceshi\source\class\checkFunc.class.php 第 0 行.
SQL: SHOW COLUMNS FROM `pigcms_admin_group` [ RunTime:0.001697s ]
SQL: SHOW COLUMNS FROM `pigcms_admin` [ RunTime:0.001635s ]
SQL: SHOW COLUMNS FROM `pigcms_admin_rbac` [ RunTime:0.001360s ]
SQL: SHOW COLUMNS FROM `pigcms_admin_group` [ RunTime:0.001964s ]
SQL: SHOW COLUMNS FROM `pigcms_system_menu` [ RunTime:0.001384s ]
SQL: SHOW COLUMNS FROM `pigcms_system_rbac_menu` [ RunTime:0.001349s ]
SQL: SELECT `id`,`account`,`pwd`,`realname`,`phone`,`email`,`qq`,`avatar`,`last_ip`,`last_time`,`login_count`,`status`,`reward_total`,`reward_balance`,`reward_unbalance`,`group_id`,`type`,`creator`,`province`,`city`,`county`,`area_level`,`agent_code`,`open_id`,`area_admin` FROM `pigcms_admin` WHERE ( `id` = 1 ) LIMIT 1   [ RunTime:0.000242s ]
SQL: SHOW COLUMNS FROM `pigcms_config` [ RunTime:0.001809s ]
NOTIC: [8] Undefined index: my_version D:\ceshi\source\tp\Project\Lib\Action\BaseAction.class.php 第 0 行.
SQL: SHOW COLUMNS FROM `pigcms_chahui_category` [ RunTime:0.001341s ]
NOTIC: 建议使用I方法替代_post
SQL: SELECT * FROM `pigcms_chahui_category` WHERE ( `cat_fid` = 25 ) LIMIT 1   [ RunTime:0.000459s ]
NOTIC: 建议使用I方法替代_post
NOTIC: 建议使用I方法替代_post
NOTIC: 建议使用I方法替代_post
SQL: UPDATE `pigcms_chahui_category` SET `cat_name`='休闲茶会',`cat_status`=1,`cat_sort`=10,`cat_pic`='category/2016/10/5811604fd22c95130859.png' WHERE ( `cat_id` = 25 ) [ RunTime:0.001338s ]
NOTIC: [8] Undefined index: path D:\ceshi\source\tp\Project\Lib\Action\PhysicalAction.class.php 第 361 行.
NOTIC: [8] Undefined variable: set D:\ceshi\source\tp\Lib\Core\Db.class.php 第 293 行.
NOTIC: [2] implode(): Invalid arguments passed D:\ceshi\source\tp\Lib\Core\Db.class.php 第 293 行.
SQL: UPDATE `pigcms_chahui_category` SET  WHERE ( `cat_id` = 25 ) [ RunTime:0.000185s ]
ERR: 1064:You have an error in your SQL syntax; check the manual that corresponds to your MariaDB server version for the right syntax to use near 'WHERE ( `cat_id` = 25 )' at line 1
 [ SQL语句 ] : UPDATE `pigcms_chahui_category` SET  WHERE ( `cat_id` = 25 )

[ 2016-10-27T10:02:56+08:00 ] 221.220.102.88 /admin.php?c=Physical&a=chcate
INFO: [ app_begin ] --START--
INFO: ReadHtmlCache Behavior ::run [ RunTime:0.000721s ]
INFO: [ app_begin ] --END-- [ RunTime:0.000799s ]
NOTIC: [8] Use of undefined constant CURL_SSLVERSION_TLSv1 - assumed 'CURL_SSLVERSION_TLSv1' D:\ceshi\source\class\checkFunc.class.php 第 0 行.
SQL: SHOW COLUMNS FROM `pigcms_admin_group` [ RunTime:0.001678s ]
SQL: SHOW COLUMNS FROM `pigcms_admin` [ RunTime:0.002145s ]
SQL: SHOW COLUMNS FROM `pigcms_admin_rbac` [ RunTime:0.001376s ]
SQL: SHOW COLUMNS FROM `pigcms_admin_group` [ RunTime:0.001348s ]
SQL: SHOW COLUMNS FROM `pigcms_system_menu` [ RunTime:0.001461s ]
SQL: SHOW COLUMNS FROM `pigcms_system_rbac_menu` [ RunTime:0.001359s ]
SQL: SELECT `id`,`account`,`pwd`,`realname`,`phone`,`email`,`qq`,`avatar`,`last_ip`,`last_time`,`login_count`,`status`,`reward_total`,`reward_balance`,`reward_unbalance`,`group_id`,`type`,`creator`,`province`,`city`,`county`,`area_level`,`agent_code`,`open_id`,`area_admin` FROM `pigcms_admin` WHERE ( `id` = 1 ) LIMIT 1   [ RunTime:0.000237s ]
SQL: SHOW COLUMNS FROM `pigcms_config` [ RunTime:0.001393s ]
NOTIC: [8] Undefined index: my_version D:\ceshi\source\tp\Project\Lib\Action\BaseAction.class.php 第 0 行.
SQL: SHOW COLUMNS FROM `pigcms_chahui_category` [ RunTime:0.001364s ]
SQL: SELECT COUNT(cat_id) AS tp_count FROM `pigcms_chahui_category` LIMIT 1   [ RunTime:0.000259s ]
SQL: SELECT * FROM `pigcms_chahui_category` ORDER BY cat_id DESC LIMIT 0,20   [ RunTime:0.000378s ]
INFO: [ view_parse ] --START--
NOTIC: [8] Undefined index: frame_show D:\ceshi\cache\admin_runtime\Cache\98e6107541d5d5da28c125f14d54b959.php 第 7 行.
NOTIC: [8] Undefined variable: withdrawal_count D:\ceshi\cache\admin_runtime\Cache\98e6107541d5d5da28c125f14d54b959.php 第 20 行.
NOTIC: [8] Undefined variable: unprocessed D:\ceshi\cache\admin_runtime\Cache\98e6107541d5d5da28c125f14d54b959.php 第 25 行.
NOTIC: [8] Undefined variable: bg_color D:\ceshi\cache\admin_runtime\Cache\98e6107541d5d5da28c125f14d54b959.php 第 37 行.
NOTIC: [8] Undefined index: cat_level D:\ceshi\cache\admin_runtime\Cache\98e6107541d5d5da28c125f14d54b959.php 第 70 行.
NOTIC: [8] Undefined index: cat_level D:\ceshi\cache\admin_runtime\Cache\98e6107541d5d5da28c125f14d54b959.php 第 70 行.
NOTIC: [8] Undefined index: cat_desc D:\ceshi\cache\admin_runtime\Cache\98e6107541d5d5da28c125f14d54b959.php 第 71 行.
NOTIC: [8] Undefined index: cat_level D:\ceshi\cache\admin_runtime\Cache\98e6107541d5d5da28c125f14d54b959.php 第 70 行.
NOTIC: [8] Undefined index: cat_level D:\ceshi\cache\admin_runtime\Cache\98e6107541d5d5da28c125f14d54b959.php 第 70 行.
NOTIC: [8] Undefined index: cat_desc D:\ceshi\cache\admin_runtime\Cache\98e6107541d5d5da28c125f14d54b959.php 第 71 行.
NOTIC: [8] Undefined index: cat_level D:\ceshi\cache\admin_runtime\Cache\98e6107541d5d5da28c125f14d54b959.php 第 70 行.
NOTIC: [8] Undefined index: cat_level D:\ceshi\cache\admin_runtime\Cache\98e6107541d5d5da28c125f14d54b959.php 第 70 行.
NOTIC: [8] Undefined index: cat_desc D:\ceshi\cache\admin_runtime\Cache\98e6107541d5d5da28c125f14d54b959.php 第 71 行.
NOTIC: [8] Undefined index: cat_level D:\ceshi\cache\admin_runtime\Cache\98e6107541d5d5da28c125f14d54b959.php 第 70 行.
NOTIC: [8] Undefined index: cat_level D:\ceshi\cache\admin_runtime\Cache\98e6107541d5d5da28c125f14d54b959.php 第 70 行.
NOTIC: [8] Undefined index: cat_desc D:\ceshi\cache\admin_runtime\Cache\98e6107541d5d5da28c125f14d54b959.php 第 71 行.
NOTIC: [8] Undefined index: cat_level D:\ceshi\cache\admin_runtime\Cache\98e6107541d5d5da28c125f14d54b959.php 第 70 行.
NOTIC: [8] Undefined index: cat_level D:\ceshi\cache\admin_runtime\Cache\98e6107541d5d5da28c125f14d54b959.php 第 70 行.
NOTIC: [8] Undefined index: cat_desc D:\ceshi\cache\admin_runtime\Cache\98e6107541d5d5da28c125f14d54b959.php 第 71 行.
NOTIC: [8] Undefined index: cat_level D:\ceshi\cache\admin_runtime\Cache\98e6107541d5d5da28c125f14d54b959.php 第 70 行.
NOTIC: [8] Undefined index: cat_level D:\ceshi\cache\admin_runtime\Cache\98e6107541d5d5da28c125f14d54b959.php 第 70 行.
NOTIC: [8] Undefined index: cat_desc D:\ceshi\cache\admin_runtime\Cache\98e6107541d5d5da28c125f14d54b959.php 第 71 行.
NOTIC: [8] Undefined index: cat_level D:\ceshi\cache\admin_runtime\Cache\98e6107541d5d5da28c125f14d54b959.php 第 70 行.
NOTIC: [8] Undefined index: cat_level D:\ceshi\cache\admin_runtime\Cache\98e6107541d5d5da28c125f14d54b959.php 第 70 行.
NOTIC: [8] Undefined index: cat_desc D:\ceshi\cache\admin_runtime\Cache\98e6107541d5d5da28c125f14d54b959.php 第 71 行.
NOTIC: [8] Undefined index: cat_level D:\ceshi\cache\admin_runtime\Cache\98e6107541d5d5da28c125f14d54b959.php 第 70 行.
NOTIC: [8] Undefined index: cat_level D:\ceshi\cache\admin_runtime\Cache\98e6107541d5d5da28c125f14d54b959.php 第 70 行.
NOTIC: [8] Undefined index: cat_desc D:\ceshi\cache\admin_runtime\Cache\98e6107541d5d5da28c125f14d54b959.php 第 71 行.
NOTIC: [8] Undefined index: cat_level D:\ceshi\cache\admin_runtime\Cache\98e6107541d5d5da28c125f14d54b959.php 第 70 行.
NOTIC: [8] Undefined index: cat_level D:\ceshi\cache\admin_runtime\Cache\98e6107541d5d5da28c125f14d54b959.php 第 70 行.
NOTIC: [8] Undefined index: cat_desc D:\ceshi\cache\admin_runtime\Cache\98e6107541d5d5da28c125f14d54b959.php 第 71 行.
NOTIC: [8] Undefined index: cat_level D:\ceshi\cache\admin_runtime\Cache\98e6107541d5d5da28c125f14d54b959.php 第 70 行.
NOTIC: [8] Undefined index: cat_level D:\ceshi\cache\admin_runtime\Cache\98e6107541d5d5da28c125f14d54b959.php 第 70 行.
NOTIC: [8] Undefined index: cat_desc D:\ceshi\cache\admin_runtime\Cache\98e6107541d5d5da28c125f14d54b959.php 第 71 行.
NOTIC: [8] Undefined index: cat_level D:\ceshi\cache\admin_runtime\Cache\98e6107541d5d5da28c125f14d54b959.php 第 70 行.
NOTIC: [8] Undefined index: cat_level D:\ceshi\cache\admin_runtime\Cache\98e6107541d5d5da28c125f14d54b959.php 第 70 行.
NOTIC: [8] Undefined index: cat_desc D:\ceshi\cache\admin_runtime\Cache\98e6107541d5d5da28c125f14d54b959.php 第 71 行.
NOTIC: [8] Undefined index: cat_level D:\ceshi\cache\admin_runtime\Cache\98e6107541d5d5da28c125f14d54b959.php 第 70 行.
NOTIC: [8] Undefined index: cat_level D:\ceshi\cache\admin_runtime\Cache\98e6107541d5d5da28c125f14d54b959.php 第 70 行.
NOTIC: [8] Undefined index: cat_desc D:\ceshi\cache\admin_runtime\Cache\98e6107541d5d5da28c125f14d54b959.php 第 71 行.
NOTIC: [8] Undefined index: cat_level D:\ceshi\cache\admin_runtime\Cache\98e6107541d5d5da28c125f14d54b959.php 第 70 行.
NOTIC: [8] Undefined index: cat_level D:\ceshi\cache\admin_runtime\Cache\98e6107541d5d5da28c125f14d54b959.php 第 70 行.
NOTIC: [8] Undefined index: cat_desc D:\ceshi\cache\admin_runtime\Cache\98e6107541d5d5da28c125f14d54b959.php 第 71 行.
INFO: ParseTemplate Behavior ::run [ RunTime:0.013212s ]
INFO: [ view_parse ] --END-- [ RunTime:0.013288s ]
INFO: [ view_filter ] --START--
INFO: ContentReplace Behavior ::run [ RunTime:0.000667s ]
INFO: TokenBuild Behavior ::run [ RunTime:0.000592s ]
INFO: WriteHtmlCache Behavior ::run [ RunTime:0.000479s ]
INFO: ShowRuntime Behavior ::run [ RunTime:0.000601s ]
INFO: [ view_filter ] --END-- [ RunTime:0.002494s ]
INFO: [ view_end ] --START--
INFO: ShowPageTrace Behavior ::run [ RunTime:0.000704s ]
INFO: [ view_end ] --END-- [ RunTime:0.000757s ]

[ 2016-10-27T10:02:59+08:00 ] 221.220.102.88 /admin.php?c=Physical&a=chcate_edit&id=25
INFO: [ app_begin ] --START--
INFO: ReadHtmlCache Behavior ::run [ RunTime:0.000668s ]
INFO: [ app_begin ] --END-- [ RunTime:0.000747s ]
NOTIC: [8] Use of undefined constant CURL_SSLVERSION_TLSv1 - assumed 'CURL_SSLVERSION_TLSv1' D:\ceshi\source\class\checkFunc.class.php 第 0 行.
SQL: SHOW COLUMNS FROM `pigcms_admin_group` [ RunTime:0.001669s ]
SQL: SHOW COLUMNS FROM `pigcms_admin` [ RunTime:0.001784s ]
SQL: SHOW COLUMNS FROM `pigcms_admin_rbac` [ RunTime:0.001761s ]
SQL: SHOW COLUMNS FROM `pigcms_admin_group` [ RunTime:0.001421s ]
SQL: SHOW COLUMNS FROM `pigcms_system_menu` [ RunTime:0.001393s ]
SQL: SHOW COLUMNS FROM `pigcms_system_rbac_menu` [ RunTime:0.001420s ]
SQL: SELECT `id`,`account`,`pwd`,`realname`,`phone`,`email`,`qq`,`avatar`,`last_ip`,`last_time`,`login_count`,`status`,`reward_total`,`reward_balance`,`reward_unbalance`,`group_id`,`type`,`creator`,`province`,`city`,`county`,`area_level`,`agent_code`,`open_id`,`area_admin` FROM `pigcms_admin` WHERE ( `id` = 1 ) LIMIT 1   [ RunTime:0.000239s ]
SQL: SHOW COLUMNS FROM `pigcms_config` [ RunTime:0.001426s ]
NOTIC: [8] Undefined index: my_version D:\ceshi\source\tp\Project\Lib\Action\BaseAction.class.php 第 0 行.
SQL: SHOW COLUMNS FROM `pigcms_chahui_category` [ RunTime:0.001348s ]
NOTIC: 建议使用I方法替代_get
SQL: SHOW COLUMNS FROM `pigcms_chahui_category` [ RunTime:0.001356s ]
SQL: SELECT * FROM `pigcms_chahui_category` WHERE ( `cat_id` = 25 ) LIMIT 1   [ RunTime:0.000478s ]
NOTIC: [8] Undefined variable: categories D:\ceshi\source\tp\Project\Lib\Action\PhysicalAction.class.php 第 384 行.
INFO: [ view_parse ] --START--
NOTIC: [8] Undefined index: frame_show D:\ceshi\cache\admin_runtime\Cache\8a6296a67aba00405fb04a77b91a2cd9.php 第 7 行.
NOTIC: [8] Undefined variable: withdrawal_count D:\ceshi\cache\admin_runtime\Cache\8a6296a67aba00405fb04a77b91a2cd9.php 第 20 行.
NOTIC: [8] Undefined variable: unprocessed D:\ceshi\cache\admin_runtime\Cache\8a6296a67aba00405fb04a77b91a2cd9.php 第 25 行.
INFO: ParseTemplate Behavior ::run [ RunTime:0.010233s ]
INFO: [ view_parse ] --END-- [ RunTime:0.010299s ]
INFO: [ view_filter ] --START--
INFO: ContentReplace Behavior ::run [ RunTime:0.000596s ]
INFO: TokenBuild Behavior ::run [ RunTime:0.000541s ]
INFO: WriteHtmlCache Behavior ::run [ RunTime:0.000465s ]
INFO: ShowRuntime Behavior ::run [ RunTime:0.000606s ]
INFO: [ view_filter ] --END-- [ RunTime:0.002362s ]
INFO: [ view_end ] --START--
INFO: ShowPageTrace Behavior ::run [ RunTime:0.000682s ]
INFO: [ view_end ] --END-- [ RunTime:0.000742s ]

[ 2016-10-27T10:16:31+08:00 ] 221.220.102.88 /admin.php?c=Product&a=index
INFO: [ app_begin ] --START--
INFO: ReadHtmlCache Behavior ::run [ RunTime:0.000598s ]
INFO: [ app_begin ] --END-- [ RunTime:0.000688s ]
NOTIC: [8] Use of undefined constant CURL_SSLVERSION_TLSv1 - assumed 'CURL_SSLVERSION_TLSv1' D:\ceshi\source\class\checkFunc.class.php 第 0 行.
SQL: SHOW COLUMNS FROM `pigcms_admin_group` [ RunTime:0.001741s ]
SQL: SHOW COLUMNS FROM `pigcms_admin` [ RunTime:0.001587s ]
SQL: SHOW COLUMNS FROM `pigcms_admin_rbac` [ RunTime:0.001367s ]
SQL: SHOW COLUMNS FROM `pigcms_admin_group` [ RunTime:0.001412s ]
SQL: SHOW COLUMNS FROM `pigcms_system_menu` [ RunTime:0.001701s ]
SQL: SHOW COLUMNS FROM `pigcms_system_rbac_menu` [ RunTime:0.001764s ]
SQL: SELECT `id`,`account`,`pwd`,`realname`,`phone`,`email`,`qq`,`avatar`,`last_ip`,`last_time`,`login_count`,`status`,`reward_total`,`reward_balance`,`reward_unbalance`,`group_id`,`type`,`creator`,`province`,`city`,`county`,`area_level`,`agent_code`,`open_id`,`area_admin` FROM `pigcms_admin` WHERE ( `id` = 1 ) LIMIT 1   [ RunTime:0.000246s ]
SQL: SHOW COLUMNS FROM `pigcms_config` [ RunTime:0.001401s ]
NOTIC: [8] Undefined index: my_version D:\ceshi\source\tp\Project\Lib\Action\BaseAction.class.php 第 0 行.
SQL: SHOW COLUMNS FROM `pigcms_product_to_group` [ RunTime:0.016777s ]
SQL: SHOW COLUMNS FROM `pigcms_product_group` [ RunTime:0.007406s ]
SQL: SHOW COLUMNS FROM `pigcms_product_category` [ RunTime:0.001398s ]
NOTIC: 建议使用I方法替代_request
NOTIC: 建议使用I方法替代_get
NOTIC: 建议使用I方法替代_get
NOTIC: 建议使用I方法替代_get
NOTIC: 建议使用I方法替代_get
NOTIC: 建议使用I方法替代_get
NOTIC: 建议使用I方法替代_get
NOTIC: 建议使用I方法替代_get
SQL: SHOW COLUMNS FROM `pigcms_product` [ RunTime:0.002117s ]
SQL: SHOW COLUMNS FROM `pigcms_store` [ RunTime:0.002812s ]
SQL: SELECT COUNT(Product.product_id) AS tp_count FROM pigcms_product Product LEFT JOIN pigcms_product_category ProductCategory ON Product.category_id = ProductCategory.cat_id LEFT JOIN pigcms_store Store ON Product.store_id = Store.store_id WHERE ( Product.status < 2 ) LIMIT 1   [ RunTime:0.000525s ]
NOTIC: 建议使用I方法替代_get
SQL: SELECT Product.product_id AS product_id,Product.uid AS uid,Product.store_id AS store_id,Product.category_fid AS category_fid,Product.category_id AS category_id,Product.group_id AS group_id,Product.name AS name,Product.sale_way AS sale_way,Product.buy_way AS buy_way,Product.type AS type,Product.quantity AS quantity,Product.price AS price,Product.original_price AS original_price,Product.weight AS weight,Product.code AS code,Product.image AS image,Product.image_size AS image_size,Product.send_other AS send_other,Product.send_other_postage AS send_other_postage,Product.postage_type AS postage_type,Product.postage AS postage,Product.postage_template_id AS postage_template_id,Product.buyer_quota AS buyer_quota,Product.allow_discount AS allow_discount,Product.invoice AS invoice,Product.warranty AS warranty,Product.sold_time AS sold_time,Product.sales AS sales,Product.show_sku AS show_sku,Product.status AS status,Product.date_added AS date_added,Product.soldout AS soldout,Product.pv AS pv,Product.uv AS uv,Product.buy_url AS buy_url,Product.intro AS intro,Product.info AS info,Product.has_custom AS has_custom,Product.has_category AS has_category,Product.properties AS properties,Product.has_property AS has_property,Product.is_fx AS is_fx,Product.unified_price AS unified_price,Product.fx_type AS fx_type,Product.cost_price AS cost_price,Product.min_fx_price AS min_fx_price,Product.max_fx_price AS max_fx_price,Product.is_recommend AS is_recommend,Product.recommend_title AS recommend_title,Product.source_product_id AS source_product_id,Product.supplier_id AS supplier_id,Product.delivery_address_id AS delivery_address_id,Product.last_edit_time AS last_edit_time,Product.original_product_id AS original_product_id,Product.sort AS sort,Product.is_fx_setting AS is_fx_setting,Product.collect AS collect,Product.attention_num AS attention_num,Product.drp_profit AS drp_profit,Product.drp_seller_qty AS drp_seller_qty,Product.drp_sale_qty AS drp_sale_qty,Product.unified_price_setting AS unified_price_setting,Product.drp_level_1_price AS drp_level_1_price,Product.drp_level_2_price AS drp_level_2_price,Product.drp_level_3_price AS drp_level_3_price,Product.drp_level_1_cost_price AS drp_level_1_cost_price,Product.drp_level_2_cost_price AS drp_level_2_cost_price,Product.drp_level_3_cost_price AS drp_level_3_cost_price,Product.is_hot AS is_hot,Product.is_wholesale AS is_wholesale,Product.wholesale_price AS wholesale_price,Product.sale_min_price AS sale_min_price,Product.sale_max_price AS sale_max_price,Product.wholesale_product_id AS wholesale_product_id,Product.public_display AS public_display,Product.unified_profit AS unified_profit,Product.is_whitelist AS is_whitelist,Product.check_give_points AS check_give_points,Product.check_degree_discount AS check_degree_discount,Product.give_points AS give_points,Product.after_subscribe_price AS after_subscribe_price,Product.is_present AS is_present,Product.open_return_point AS open_return_point,Product.after_subscribe_discount AS after_subscribe_discount,Product.drp_custom_setting AS drp_custom_setting,Product.return_point AS return_point,ProductCategory.cat_name AS category,Store.name AS store FROM pigcms_product Product LEFT JOIN pigcms_product_category ProductCategory ON Product.category_id = ProductCategory.cat_id LEFT JOIN pigcms_store Store ON Product.store_id = Store.store_id WHERE ( Product.status < 2 ) ORDER BY Product.product_id DESC LIMIT 0,20   [ RunTime:0.002007s ]
SQL: SELECT `group_id` FROM `pigcms_product_to_group` WHERE ( `product_id` = 72 )  [ RunTime:0.000143s ]
SQL: SELECT `group_id` FROM `pigcms_product_to_group` WHERE ( `product_id` = 71 )  [ RunTime:0.000136s ]
SQL: SELECT `group_name` FROM `pigcms_product_group` WHERE ( `group_id` IN ('7') )  [ RunTime:0.000133s ]
SQL: SELECT `group_id` FROM `pigcms_product_to_group` WHERE ( `product_id` = 70 )  [ RunTime:0.000130s ]
SQL: SELECT `group_id` FROM `pigcms_product_to_group` WHERE ( `product_id` = 69 )  [ RunTime:0.000136s ]
SQL: SELECT `group_name` FROM `pigcms_product_group` WHERE ( `group_id` IN ('33') )  [ RunTime:0.000129s ]
SQL: SELECT `group_id` FROM `pigcms_product_to_group` WHERE ( `product_id` = 68 )  [ RunTime:0.000130s ]
SQL: SELECT `group_name` FROM `pigcms_product_group` WHERE ( `group_id` IN ('33') )  [ RunTime:0.000128s ]
SQL: SELECT `group_id` FROM `pigcms_product_to_group` WHERE ( `product_id` = 67 )  [ RunTime:0.000128s ]
SQL: SELECT `group_id` FROM `pigcms_product_to_group` WHERE ( `product_id` = 66 )  [ RunTime:0.000128s ]
SQL: SELECT `group_id` FROM `pigcms_product_to_group` WHERE ( `product_id` = 65 )  [ RunTime:0.000140s ]
SQL: SELECT `group_name` FROM `pigcms_product_group` WHERE ( `group_id` IN ('22') )  [ RunTime:0.000129s ]
SQL: SELECT `group_id` FROM `pigcms_product_to_group` WHERE ( `product_id` = 64 )  [ RunTime:0.000129s ]
SQL: SELECT `group_id` FROM `pigcms_product_to_group` WHERE ( `product_id` = 63 )  [ RunTime:0.000130s ]
SQL: SELECT `group_name` FROM `pigcms_product_group` WHERE ( `group_id` IN ('22') )  [ RunTime:0.000133s ]
SQL: SELECT `group_id` FROM `pigcms_product_to_group` WHERE ( `product_id` = 62 )  [ RunTime:0.000127s ]
SQL: SELECT `group_name` FROM `pigcms_product_group` WHERE ( `group_id` IN ('32') )  [ RunTime:0.000128s ]
SQL: SELECT `group_id` FROM `pigcms_product_to_group` WHERE ( `product_id` = 61 )  [ RunTime:0.000127s ]
SQL: SELECT `group_id` FROM `pigcms_product_to_group` WHERE ( `product_id` = 60 )  [ RunTime:0.000128s ]
SQL: SELECT `group_id` FROM `pigcms_product_to_group` WHERE ( `product_id` = 59 )  [ RunTime:0.000128s ]
SQL: SELECT `group_id` FROM `pigcms_product_to_group` WHERE ( `product_id` = 58 )  [ RunTime:0.000129s ]
SQL: SELECT `group_id` FROM `pigcms_product_to_group` WHERE ( `product_id` = 57 )  [ RunTime:0.000181s ]
SQL: SELECT `group_id` FROM `pigcms_product_to_group` WHERE ( `product_id` = 56 )  [ RunTime:0.000200s ]
SQL: SELECT `group_id` FROM `pigcms_product_to_group` WHERE ( `product_id` = 55 )  [ RunTime:0.000135s ]
SQL: SELECT `group_id` FROM `pigcms_product_to_group` WHERE ( `product_id` = 54 )  [ RunTime:0.000133s ]
SQL: SELECT `group_name` FROM `pigcms_product_group` WHERE ( `group_id` IN ('7') )  [ RunTime:0.000139s ]
SQL: SELECT `group_id` FROM `pigcms_product_to_group` WHERE ( `product_id` = 53 )  [ RunTime:0.000132s ]
SQL: SELECT `group_name` FROM `pigcms_product_group` WHERE ( `group_id` IN ('7') )  [ RunTime:0.000130s ]
SQL: SELECT * FROM `pigcms_product_group`  [ RunTime:0.000180s ]
SQL: SELECT * FROM `pigcms_product_category` ORDER BY cat_path ASC  [ RunTime:0.000271s ]
INFO: [ view_parse ] --START--
NOTIC: [8] Undefined index: frame_show D:\ceshi\cache\admin_runtime\Cache\21165b4ae8d52fb88db304f24f88646f.php 第 7 行.
NOTIC: [8] Undefined variable: withdrawal_count D:\ceshi\cache\admin_runtime\Cache\21165b4ae8d52fb88db304f24f88646f.php 第 20 行.
NOTIC: [8] Undefined variable: unprocessed D:\ceshi\cache\admin_runtime\Cache\21165b4ae8d52fb88db304f24f88646f.php 第 25 行.
NOTIC: [8] Undefined variable: bg_color D:\ceshi\cache\admin_runtime\Cache\21165b4ae8d52fb88db304f24f88646f.php 第 37 行.
NOTIC: [8] Undefined index: keyword D:\ceshi\cache\admin_runtime\Cache\21165b4ae8d52fb88db304f24f88646f.php 第 164 行.
NOTIC: [8] Undefined index: type D:\ceshi\cache\admin_runtime\Cache\21165b4ae8d52fb88db304f24f88646f.php 第 166 行.
NOTIC: [8] Undefined index: type D:\ceshi\cache\admin_runtime\Cache\21165b4ae8d52fb88db304f24f88646f.php 第 167 行.
NOTIC: [8] Undefined index: type D:\ceshi\cache\admin_runtime\Cache\21165b4ae8d52fb88db304f24f88646f.php 第 168 行.
NOTIC: [8] Undefined index: isfx D:\ceshi\cache\admin_runtime\Cache\21165b4ae8d52fb88db304f24f88646f.php 第 177 行.
NOTIC: [8] Undefined index: isfx D:\ceshi\cache\admin_runtime\Cache\21165b4ae8d52fb88db304f24f88646f.php 第 178 行.
NOTIC: [8] Undefined index: isfx D:\ceshi\cache\admin_runtime\Cache\21165b4ae8d52fb88db304f24f88646f.php 第 179 行.
NOTIC: [8] Undefined index: group D:\ceshi\cache\admin_runtime\Cache\21165b4ae8d52fb88db304f24f88646f.php 第 185 行.
NOTIC: [8] Undefined index: group D:\ceshi\cache\admin_runtime\Cache\21165b4ae8d52fb88db304f24f88646f.php 第 185 行.
NOTIC: [8] Undefined index: group D:\ceshi\cache\admin_runtime\Cache\21165b4ae8d52fb88db304f24f88646f.php 第 185 行.
NOTIC: [8] Undefined index: group D:\ceshi\cache\admin_runtime\Cache\21165b4ae8d52fb88db304f24f88646f.php 第 185 行.
NOTIC: [8] Undefined index: group D:\ceshi\cache\admin_runtime\Cache\21165b4ae8d52fb88db304f24f88646f.php 第 185 行.
NOTIC: [8] Undefined index: group D:\ceshi\cache\admin_runtime\Cache\21165b4ae8d52fb88db304f24f88646f.php 第 185 行.
NOTIC: [8] Undefined index: group D:\ceshi\cache\admin_runtime\Cache\21165b4ae8d52fb88db304f24f88646f.php 第 185 行.
NOTIC: [8] Undefined index: group D:\ceshi\cache\admin_runtime\Cache\21165b4ae8d52fb88db304f24f88646f.php 第 185 行.
NOTIC: [8] Undefined index: group D:\ceshi\cache\admin_runtime\Cache\21165b4ae8d52fb88db304f24f88646f.php 第 185 行.
NOTIC: [8] Undefined index: group D:\ceshi\cache\admin_runtime\Cache\21165b4ae8d52fb88db304f24f88646f.php 第 185 行.
NOTIC: [8] Undefined index: group D:\ceshi\cache\admin_runtime\Cache\21165b4ae8d52fb88db304f24f88646f.php 第 185 行.
NOTIC: [8] Undefined index: group D:\ceshi\cache\admin_runtime\Cache\21165b4ae8d52fb88db304f24f88646f.php 第 185 行.
NOTIC: [8] Undefined index: group D:\ceshi\cache\admin_runtime\Cache\21165b4ae8d52fb88db304f24f88646f.php 第 185 行.
NOTIC: [8] Undefined index: group D:\ceshi\cache\admin_runtime\Cache\21165b4ae8d52fb88db304f24f88646f.php 第 185 行.
NOTIC: [8] Undefined index: group D:\ceshi\cache\admin_runtime\Cache\21165b4ae8d52fb88db304f24f88646f.php 第 185 行.
NOTIC: [8] Undefined index: group D:\ceshi\cache\admin_runtime\Cache\21165b4ae8d52fb88db304f24f88646f.php 第 185 行.
NOTIC: [8] Undefined index: group D:\ceshi\cache\admin_runtime\Cache\21165b4ae8d52fb88db304f24f88646f.php 第 185 行.
NOTIC: [8] Undefined index: group D:\ceshi\cache\admin_runtime\Cache\21165b4ae8d52fb88db304f24f88646f.php 第 185 行.
NOTIC: [8] Undefined index: group D:\ceshi\cache\admin_runtime\Cache\21165b4ae8d52fb88db304f24f88646f.php 第 185 行.
NOTIC: [8] Undefined index: group D:\ceshi\cache\admin_runtime\Cache\21165b4ae8d52fb88db304f24f88646f.php 第 185 行.
NOTIC: [8] Undefined index: group D:\ceshi\cache\admin_runtime\Cache\21165b4ae8d52fb88db304f24f88646f.php 第 185 行.
NOTIC: [8] Undefined index: group D:\ceshi\cache\admin_runtime\Cache\21165b4ae8d52fb88db304f24f88646f.php 第 185 行.
NOTIC: [8] Undefined index: group D:\ceshi\cache\admin_runtime\Cache\21165b4ae8d52fb88db304f24f88646f.php 第 185 行.
NOTIC: [8] Undefined index: group D:\ceshi\cache\admin_runtime\Cache\21165b4ae8d52fb88db304f24f88646f.php 第 185 行.
NOTIC: [8] Undefined index: group D:\ceshi\cache\admin_runtime\Cache\21165b4ae8d52fb88db304f24f88646f.php 第 185 行.
NOTIC: [8] Undefined index: group D:\ceshi\cache\admin_runtime\Cache\21165b4ae8d52fb88db304f24f88646f.php 第 185 行.
NOTIC: [8] Undefined index: group D:\ceshi\cache\admin_runtime\Cache\21165b4ae8d52fb88db304f24f88646f.php 第 185 行.
NOTIC: [8] Undefined index: group D:\ceshi\cache\admin_runtime\Cache\21165b4ae8d52fb88db304f24f88646f.php 第 185 行.
NOTIC: [8] Undefined index: allow_discount D:\ceshi\cache\admin_runtime\Cache\21165b4ae8d52fb88db304f24f88646f.php 第 190 行.
NOTIC: [8] Undefined index: invoice D:\ceshi\cache\admin_runtime\Cache\21165b4ae8d52fb88db304f24f88646f.php 第 196 行.
NOTIC: [8] Undefined index: invoic D:\ceshi\cache\admin_runtime\Cache\21165b4ae8d52fb88db304f24f88646f.php 第 257 行.
NOTIC: [8] Undefined index: invoic D:\ceshi\cache\admin_runtime\Cache\21165b4ae8d52fb88db304f24f88646f.php 第 257 行.
NOTIC: [8] Undefined index: invoic D:\ceshi\cache\admin_runtime\Cache\21165b4ae8d52fb88db304f24f88646f.php 第 257 行.
NOTIC: [8] Undefined index: invoic D:\ceshi\cache\admin_runtime\Cache\21165b4ae8d52fb88db304f24f88646f.php 第 257 行.
NOTIC: [8] Undefined index: invoic D:\ceshi\cache\admin_runtime\Cache\21165b4ae8d52fb88db304f24f88646f.php 第 257 行.
NOTIC: [8] Undefined index: invoic D:\ceshi\cache\admin_runtime\Cache\21165b4ae8d52fb88db304f24f88646f.php 第 257 行.
NOTIC: [8] Undefined index: invoic D:\ceshi\cache\admin_runtime\Cache\21165b4ae8d52fb88db304f24f88646f.php 第 257 行.
NOTIC: [8] Undefined index: invoic D:\ceshi\cache\admin_runtime\Cache\21165b4ae8d52fb88db304f24f88646f.php 第 257 行.
NOTIC: [8] Undefined index: invoic D:\ceshi\cache\admin_runtime\Cache\21165b4ae8d52fb88db304f24f88646f.php 第 257 行.
NOTIC: [8] Undefined index: invoic D:\ceshi\cache\admin_runtime\Cache\21165b4ae8d52fb88db304f24f88646f.php 第 257 行.
NOTIC: [8] Undefined index: invoic D:\ceshi\cache\admin_runtime\Cache\21165b4ae8d52fb88db304f24f88646f.php 第 257 行.
NOTIC: [8] Undefined index: invoic D:\ceshi\cache\admin_runtime\Cache\21165b4ae8d52fb88db304f24f88646f.php 第 257 行.
NOTIC: [8] Undefined index: invoic D:\ceshi\cache\admin_runtime\Cache\21165b4ae8d52fb88db304f24f88646f.php 第 257 行.
NOTIC: [8] Undefined index: invoic D:\ceshi\cache\admin_runtime\Cache\21165b4ae8d52fb88db304f24f88646f.php 第 257 行.
NOTIC: [8] Undefined index: invoic D:\ceshi\cache\admin_runtime\Cache\21165b4ae8d52fb88db304f24f88646f.php 第 257 行.
NOTIC: [8] Undefined index: invoic D:\ceshi\cache\admin_runtime\Cache\21165b4ae8d52fb88db304f24f88646f.php 第 257 行.
NOTIC: [8] Undefined index: invoic D:\ceshi\cache\admin_runtime\Cache\21165b4ae8d52fb88db304f24f88646f.php 第 257 行.
NOTIC: [8] Undefined index: invoic D:\ceshi\cache\admin_runtime\Cache\21165b4ae8d52fb88db304f24f88646f.php 第 257 行.
NOTIC: [8] Undefined index: invoic D:\ceshi\cache\admin_runtime\Cache\21165b4ae8d52fb88db304f24f88646f.php 第 257 行.
NOTIC: [8] Undefined index: invoic D:\ceshi\cache\admin_runtime\Cache\21165b4ae8d52fb88db304f24f88646f.php 第 257 行.
INFO: ParseTemplate Behavior ::run [ RunTime:0.057169s ]
INFO: [ view_parse ] --END-- [ RunTime:0.057254s ]
INFO: [ view_filter ] --START--
INFO: ContentReplace Behavior ::run [ RunTime:0.000690s ]
INFO: TokenBuild Behavior ::run [ RunTime:0.000530s ]
INFO: WriteHtmlCache Behavior ::run [ RunTime:0.000449s ]
INFO: ShowRuntime Behavior ::run [ RunTime:0.000644s ]
INFO: [ view_filter ] --END-- [ RunTime:0.002477s ]
INFO: [ view_end ] --START--
INFO: ShowPageTrace Behavior ::run [ RunTime:0.000651s ]
INFO: [ view_end ] --END-- [ RunTime:0.000711s ]

[ 2016-10-27T10:16:32+08:00 ] 221.220.102.88 /admin.php?c=Store&a=index
INFO: [ app_begin ] --START--
INFO: ReadHtmlCache Behavior ::run [ RunTime:0.000579s ]
INFO: [ app_begin ] --END-- [ RunTime:0.000658s ]
NOTIC: [8] Use of undefined constant CURL_SSLVERSION_TLSv1 - assumed 'CURL_SSLVERSION_TLSv1' D:\ceshi\source\class\checkFunc.class.php 第 0 行.
SQL: SHOW COLUMNS FROM `pigcms_admin_group` [ RunTime:0.001652s ]
SQL: SHOW COLUMNS FROM `pigcms_admin` [ RunTime:0.001638s ]
SQL: SHOW COLUMNS FROM `pigcms_admin_rbac` [ RunTime:0.001343s ]
SQL: SHOW COLUMNS FROM `pigcms_admin_group` [ RunTime:0.001395s ]
SQL: SHOW COLUMNS FROM `pigcms_system_menu` [ RunTime:0.001363s ]
SQL: SHOW COLUMNS FROM `pigcms_system_rbac_menu` [ RunTime:0.001348s ]
SQL: SELECT `id`,`account`,`pwd`,`realname`,`phone`,`email`,`qq`,`avatar`,`last_ip`,`last_time`,`login_count`,`status`,`reward_total`,`reward_balance`,`reward_unbalance`,`group_id`,`type`,`creator`,`province`,`city`,`county`,`area_level`,`agent_code`,`open_id`,`area_admin` FROM `pigcms_admin` WHERE ( `id` = 1 ) LIMIT 1   [ RunTime:0.000235s ]
SQL: SHOW COLUMNS FROM `pigcms_config` [ RunTime:0.001462s ]
NOTIC: [8] Undefined index: my_version D:\ceshi\source\tp\Project\Lib\Action\BaseAction.class.php 第 0 行.
SQL: SHOW COLUMNS FROM `pigcms_sale_category` [ RunTime:0.001430s ]
SQL: SHOW COLUMNS FROM `pigcms_platform_income` [ RunTime:0.036889s ]
NOTIC: 建议使用I方法替代_request
NOTIC: 建议使用I方法替代_get
NOTIC: 建议使用I方法替代_get
NOTIC: 建议使用I方法替代_get
NOTIC: 建议使用I方法替代_get
NOTIC: [8] Undefined variable: approve D:\ceshi\source\tp\Project\Lib\Action\StoreAction.class.php 第 28 行.
NOTIC: 建议使用I方法替代_get
NOTIC: 建议使用I方法替代_get
NOTIC: 建议使用I方法替代_get
NOTIC: 建议使用I方法替代_get
NOTIC: 建议使用I方法替代_get
SQL: SHOW COLUMNS FROM `pigcms_store` [ RunTime:0.002884s ]
SQL: SHOW COLUMNS FROM `pigcms_user` [ RunTime:0.001749s ]
SQL: SHOW COLUMNS FROM `pigcms_store_contact` [ RunTime:0.001365s ]
SQL: SHOW COLUMNS FROM `pigcms_store` [ RunTime:0.002721s ]
SQL: SELECT COUNT(*) AS tp_count FROM pigcms_store Store LEFT JOIN pigcms_user User ON Store.uid = User.uid LEFT JOIN pigcms_store_contact Store_contact ON Store.store_id = Store_contact.store_id LEFT JOIN pigcms_sale_category SaleCategory ON Store.sale_category_fid = SaleCategory.cat_id LIMIT 1   [ RunTime:0.000492s ]
NOTIC: 建议使用I方法替代_get
SQL: SELECT Store.store_id AS store_id,Store.uid AS uid,Store.name AS name,Store.edit_name_count AS edit_name_count,Store.logo AS logo,Store.qcode AS qcode,Store.openid AS openid,Store.qcode_starttime AS qcode_starttime,Store.sale_category_fid AS sale_category_fid,Store.sale_category_id AS sale_category_id,Store.linkman AS linkman,Store.legal_person AS legal_person,Store.tel AS tel,Store.intro AS intro,Store.approve AS approve,Store.status AS status,Store.public_display AS public_display,Store.date_added AS date_added,Store.service_tel AS service_tel,Store.service_qq AS service_qq,Store.service_weixin AS service_weixin,Store.bind_weixin AS bind_weixin,Store.weixin_name AS weixin_name,Store.weixin_original_id AS weixin_original_id,Store.weixin_id AS weixin_id,Store.qq AS qq,Store.open_weixin AS open_weixin,Store.buyer_selffetch AS buyer_selffetch,Store.buyer_selffetch_name AS buyer_selffetch_name,Store.pay_agent AS pay_agent,Store.offline_payment AS offline_payment,Store.open_logistics AS open_logistics,Store.open_friend AS open_friend,Store.open_autoassign AS open_autoassign,Store.open_local_logistics AS open_local_logistics,Store.warn_sp_quantity AS warn_sp_quantity,Store.open_nav AS open_nav,Store.nav_style_id AS nav_style_id,Store.use_nav_pages AS use_nav_pages,Store.open_ad AS open_ad,Store.has_ad AS has_ad,Store.ad_position AS ad_position,Store.use_ad_pages AS use_ad_pages,Store.date_edited AS date_edited,Store.p_sales AS p_sales,Store.sales AS sales,Store.income AS income,Store.balance AS balance,Store.unbalance AS unbalance,Store.margin_balance AS margin_balance,Store.point_total AS point_total,Store.point_balance AS point_balance,Store.point2money AS point2money,Store.point2money_total AS point2money_total,Store.point2money_service_fee AS point2money_service_fee,Store.point2money_balance AS point2money_balance,Store.point2money_withdrawal AS point2money_withdrawal,Store.point2user AS point2user,Store.cash_point AS cash_point,Store.margin_total AS margin_total,Store.p_orders AS p_orders,Store.orders AS orders,Store.store_pay_income AS store_pay_income,Store.withdrawal_amount AS withdrawal_amount,Store.withdrawal_type AS withdrawal_type,Store.bank_id AS bank_id,Store.bank_card AS bank_card,Store.bank_card_user AS bank_card_user,Store.opening_bank AS opening_bank,Store.last_edit_time AS last_edit_time,Store.physical_count AS physical_count,Store.drp_supplier_id AS drp_supplier_id,Store.root_supplier_id AS root_supplier_id,Store.drp_level AS drp_level,Store.collect AS collect,Store.wxpay AS wxpay,Store.open_drp_approve AS open_drp_approve,Store.drp_approve AS drp_approve,Store.drp_profit AS drp_profit,Store.drp_profit_withdrawal AS drp_profit_withdrawal,Store.dividends1 AS dividends1,Store.open_service AS open_service,Store.attention_num AS attention_num,Store.source_site_url AS source_site_url,Store.payment_url AS payment_url,Store.notify_url AS notify_url,Store.oauth_url AS oauth_url,Store.token AS token,Store.open_drp_guidance AS open_drp_guidance,Store.open_drp_limit AS open_drp_limit,Store.drp_limit_buy AS drp_limit_buy,Store.drp_limit_share AS drp_limit_share,Store.drp_limit_condition AS drp_limit_condition,Store.pigcmsToken AS pigcmsToken,Store.template_cat_id AS template_cat_id,Store.template_id AS template_id,Store.tag_id AS tag_id,Store.open_drp_setting_price AS open_drp_setting_price,Store.unified_price_setting AS unified_price_setting,Store.open_drp_diy_store AS open_drp_diy_store,Store.drp_diy_store AS drp_diy_store,Store.open_drp_subscribe AS open_drp_subscribe,Store.open_drp_subscribe_auto AS open_drp_subscribe_auto,Store.drp_subscribe_tpl AS drp_subscribe_tpl,Store.reg_drp_subscribe_tpl AS reg_drp_subscribe_tpl,Store.is_show_drp_tel AS is_show_drp_tel,Store.degree_exchange_type AS degree_exchange_type,Store.drp_subscribe_img AS drp_subscribe_img,Store.reg_drp_subscribe_img AS reg_drp_subscribe_img,Store.update_drp_store_info AS update_drp_store_info,Store.is_official_shop AS is_official_shop,Store.setting_fans_forever AS setting_fans_forever,Store.is_fanshare_drp AS is_fanshare_drp,Store.is_required_to_audit AS is_required_to_audit,Store.is_required_margin AS is_required_margin,Store.bond AS bond,Store.setting_canal_qrcode AS setting_canal_qrcode,Store.canal_qrcode_img AS canal_qrcode_img,Store.canal_qrcode_tpl AS canal_qrcode_tpl,Store.open_drp_team AS open_drp_team,Store.drp_team_id AS drp_team_id,Store.is_point_mall AS is_point_mall,Store.open_store_whole AS open_store_whole,Store.drp_deduct_point_month AS drp_deduct_point_month,Store.drp_deduct_point_sales AS drp_deduct_point_sales,Store.drp_deduct_point AS drp_deduct_point,Store.last_time_statistics AS last_time_statistics,Store.last_recharge_notice_date AS last_recharge_notice_date,Store.recharge_notice_count AS recharge_notice_count,Store.drp_degree_id AS drp_degree_id,Store.open_drp_degree AS open_drp_degree,Store.is_show_float_menu AS is_show_float_menu,Store.last_fh_sendtime_1 AS last_fh_sendtime_1,Store.last_fh_sendtime_2 AS last_fh_sendtime_2,Store.last_fh_sendtime_3 AS last_fh_sendtime_3,Store.is_show_recharge_button AS is_show_recharge_button,Store.is_available AS is_available,Store.expiration AS expiration,Store.margin_withdrawal AS margin_withdrawal,Store.store_pic AS store_pic,Store.contract AS contract,Store.drp_withdrawal_min AS drp_withdrawal_min,Store.sales_ratio AS sales_ratio,Store.order_notice_open AS order_notice_open,Store.order_notice_time AS order_notice_time,Store.margin_amount AS margin_amount,Store.margin_minimum AS margin_minimum,Store.is_hot AS is_hot,Store.score AS score,Store.price AS price,User.nickname AS nickname,User.phone AS username,Store_contact.province AS province,Store_contact.city AS city,Store_contact.county AS county,SaleCategory.name AS category FROM pigcms_store Store LEFT JOIN pigcms_user User ON Store.uid = User.uid LEFT JOIN pigcms_store_contact Store_contact ON Store.store_id = Store_contact.store_id LEFT JOIN pigcms_sale_category SaleCategory ON Store.sale_category_fid = SaleCategory.cat_id ORDER BY Store.store_id DESC LIMIT 0,10   [ RunTime:0.005246s ]
SQL: SHOW COLUMNS FROM `pigcms_store_withdrawal` [ RunTime:0.014888s ]
SQL: SHOW COLUMNS FROM `pigcms_store` [ RunTime:0.003098s ]
SQL: SHOW COLUMNS FROM `pigcms_user` [ RunTime:0.001855s ]
SQL: SHOW COLUMNS FROM `pigcms_bank` [ RunTime:0.020509s ]
SQL: SELECT SUM(amount) AS tp_sum FROM pigcms_store_withdrawal StoreWithdrawal  JOIN pigcms_store Store ON StoreWithdrawal.store_id = Store.store_id  JOIN pigcms_user User ON StoreWithdrawal.uid = User.uid  JOIN pigcms_bank Bank ON StoreWithdrawal.bank_id = Bank.bank_id WHERE ( StoreWithdrawal.store_id = '56' ) AND ( StoreWithdrawal.type = 1 ) AND ( StoreWithdrawal.status IN (1,2) ) LIMIT 1   [ RunTime:0.000389s ]
SQL: SELECT SUM(income) AS tp_sum FROM `pigcms_platform_income` WHERE ( `store_id` = 56 ) AND ( `type` = 1 ) LIMIT 1   [ RunTime:0.000138s ]
SQL: SELECT SUM(amount) AS tp_sum FROM pigcms_store_withdrawal StoreWithdrawal  JOIN pigcms_store Store ON StoreWithdrawal.store_id = Store.store_id  JOIN pigcms_user User ON StoreWithdrawal.uid = User.uid  JOIN pigcms_bank Bank ON StoreWithdrawal.bank_id = Bank.bank_id WHERE ( StoreWithdrawal.store_id = '55' ) AND ( StoreWithdrawal.type = 1 ) AND ( StoreWithdrawal.status IN (1,2) ) LIMIT 1   [ RunTime:0.000438s ]
SQL: SELECT SUM(income) AS tp_sum FROM `pigcms_platform_income` WHERE ( `store_id` = 55 ) AND ( `type` = 1 ) LIMIT 1   [ RunTime:0.000137s ]
SQL: SELECT SUM(amount) AS tp_sum FROM pigcms_store_withdrawal StoreWithdrawal  JOIN pigcms_store Store ON StoreWithdrawal.store_id = Store.store_id  JOIN pigcms_user User ON StoreWithdrawal.uid = User.uid  JOIN pigcms_bank Bank ON StoreWithdrawal.bank_id = Bank.bank_id WHERE ( StoreWithdrawal.store_id = '54' ) AND ( StoreWithdrawal.type = 1 ) AND ( StoreWithdrawal.status IN (1,2) ) LIMIT 1   [ RunTime:0.000312s ]
SQL: SELECT SUM(income) AS tp_sum FROM `pigcms_platform_income` WHERE ( `store_id` = 54 ) AND ( `type` = 1 ) LIMIT 1   [ RunTime:0.000134s ]
SQL: SELECT SUM(amount) AS tp_sum FROM pigcms_store_withdrawal StoreWithdrawal  JOIN pigcms_store Store ON StoreWithdrawal.store_id = Store.store_id  JOIN pigcms_user User ON StoreWithdrawal.uid = User.uid  JOIN pigcms_bank Bank ON StoreWithdrawal.bank_id = Bank.bank_id WHERE ( StoreWithdrawal.store_id = '53' ) AND ( StoreWithdrawal.type = 1 ) AND ( StoreWithdrawal.status IN (1,2) ) LIMIT 1   [ RunTime:0.000394s ]
SQL: SELECT SUM(income) AS tp_sum FROM `pigcms_platform_income` WHERE ( `store_id` = 53 ) AND ( `type` = 1 ) LIMIT 1   [ RunTime:0.000135s ]
SQL: SELECT SUM(amount) AS tp_sum FROM pigcms_store_withdrawal StoreWithdrawal  JOIN pigcms_store Store ON StoreWithdrawal.store_id = Store.store_id  JOIN pigcms_user User ON StoreWithdrawal.uid = User.uid  JOIN pigcms_bank Bank ON StoreWithdrawal.bank_id = Bank.bank_id WHERE ( StoreWithdrawal.store_id = '52' ) AND ( StoreWithdrawal.type = 1 ) AND ( StoreWithdrawal.status IN (1,2) ) LIMIT 1   [ RunTime:0.000294s ]
SQL: SELECT SUM(income) AS tp_sum FROM `pigcms_platform_income` WHERE ( `store_id` = 52 ) AND ( `type` = 1 ) LIMIT 1   [ RunTime:0.000134s ]
SQL: SELECT SUM(amount) AS tp_sum FROM pigcms_store_withdrawal StoreWithdrawal  JOIN pigcms_store Store ON StoreWithdrawal.store_id = Store.store_id  JOIN pigcms_user User ON StoreWithdrawal.uid = User.uid  JOIN pigcms_bank Bank ON StoreWithdrawal.bank_id = Bank.bank_id WHERE ( StoreWithdrawal.store_id = '51' ) AND ( StoreWithdrawal.type = 1 ) AND ( StoreWithdrawal.status IN (1,2) ) LIMIT 1   [ RunTime:0.000430s ]
SQL: SELECT SUM(income) AS tp_sum FROM `pigcms_platform_income` WHERE ( `store_id` = 51 ) AND ( `type` = 1 ) LIMIT 1   [ RunTime:0.000176s ]
SQL: SELECT SUM(amount) AS tp_sum FROM pigcms_store_withdrawal StoreWithdrawal  JOIN pigcms_store Store ON StoreWithdrawal.store_id = Store.store_id  JOIN pigcms_user User ON StoreWithdrawal.uid = User.uid  JOIN pigcms_bank Bank ON StoreWithdrawal.bank_id = Bank.bank_id WHERE ( StoreWithdrawal.store_id = '33' ) AND ( StoreWithdrawal.type = 1 ) AND ( StoreWithdrawal.status IN (1,2) ) LIMIT 1   [ RunTime:0.000331s ]
SQL: SELECT SUM(income) AS tp_sum FROM `pigcms_platform_income` WHERE ( `store_id` = 33 ) AND ( `type` = 1 ) LIMIT 1   [ RunTime:0.000137s ]
SQL: SELECT SUM(amount) AS tp_sum FROM pigcms_store_withdrawal StoreWithdrawal  JOIN pigcms_store Store ON StoreWithdrawal.store_id = Store.store_id  JOIN pigcms_user User ON StoreWithdrawal.uid = User.uid  JOIN pigcms_bank Bank ON StoreWithdrawal.bank_id = Bank.bank_id WHERE ( StoreWithdrawal.store_id = '32' ) AND ( StoreWithdrawal.type = 1 ) AND ( StoreWithdrawal.status IN (1,2) ) LIMIT 1   [ RunTime:0.000308s ]
SQL: SELECT SUM(income) AS tp_sum FROM `pigcms_platform_income` WHERE ( `store_id` = 32 ) AND ( `type` = 1 ) LIMIT 1   [ RunTime:0.000137s ]
SQL: SELECT SUM(amount) AS tp_sum FROM pigcms_store_withdrawal StoreWithdrawal  JOIN pigcms_store Store ON StoreWithdrawal.store_id = Store.store_id  JOIN pigcms_user User ON StoreWithdrawal.uid = User.uid  JOIN pigcms_bank Bank ON StoreWithdrawal.bank_id = Bank.bank_id WHERE ( StoreWithdrawal.store_id = '31' ) AND ( StoreWithdrawal.type = 1 ) AND ( StoreWithdrawal.status IN (1,2) ) LIMIT 1   [ RunTime:0.000543s ]
SQL: SELECT SUM(income) AS tp_sum FROM `pigcms_platform_income` WHERE ( `store_id` = 31 ) AND ( `type` = 1 ) LIMIT 1   [ RunTime:0.000167s ]
SQL: SELECT SUM(amount) AS tp_sum FROM pigcms_store_withdrawal StoreWithdrawal  JOIN pigcms_store Store ON StoreWithdrawal.store_id = Store.store_id  JOIN pigcms_user User ON StoreWithdrawal.uid = User.uid  JOIN pigcms_bank Bank ON StoreWithdrawal.bank_id = Bank.bank_id WHERE ( StoreWithdrawal.store_id = '30' ) AND ( StoreWithdrawal.type = 1 ) AND ( StoreWithdrawal.status IN (1,2) ) LIMIT 1   [ RunTime:0.000305s ]
SQL: SELECT SUM(income) AS tp_sum FROM `pigcms_platform_income` WHERE ( `store_id` = 30 ) AND ( `type` = 1 ) LIMIT 1   [ RunTime:0.000135s ]
SQL: SELECT * FROM `pigcms_sale_category` WHERE ( `status` = 1 )  [ RunTime:0.000164s ]
SQL: SELECT COUNT(pigcms_id) AS tp_count FROM `pigcms_store_withdrawal` WHERE ( `status` = 1 ) AND ( `supplier_id` = 0 ) LIMIT 1   [ RunTime:0.000134s ]
INFO: [ view_parse ] --START--
NOTIC: [8] Undefined index: frame_show D:\ceshi\cache\admin_runtime\Cache\021164fcd60908c179adf53a3129ba01.php 第 7 行.
NOTIC: [8] Undefined variable: unprocessed D:\ceshi\cache\admin_runtime\Cache\021164fcd60908c179adf53a3129ba01.php 第 25 行.
NOTIC: [8] Undefined variable: bg_color D:\ceshi\cache\admin_runtime\Cache\021164fcd60908c179adf53a3129ba01.php 第 37 行.
NOTIC: [8] Undefined index: keyword D:\ceshi\cache\admin_runtime\Cache\021164fcd60908c179adf53a3129ba01.php 第 131 行.
NOTIC: [8] Undefined index: type D:\ceshi\cache\admin_runtime\Cache\021164fcd60908c179adf53a3129ba01.php 第 133 行.
NOTIC: [8] Undefined index: type D:\ceshi\cache\admin_runtime\Cache\021164fcd60908c179adf53a3129ba01.php 第 134 行.
NOTIC: [8] Undefined index: type D:\ceshi\cache\admin_runtime\Cache\021164fcd60908c179adf53a3129ba01.php 第 135 行.
NOTIC: [8] Undefined index: type D:\ceshi\cache\admin_runtime\Cache\021164fcd60908c179adf53a3129ba01.php 第 136 行.
NOTIC: [8] Undefined index: type D:\ceshi\cache\admin_runtime\Cache\021164fcd60908c179adf53a3129ba01.php 第 137 行.
NOTIC: [8] Undefined index: store_type D:\ceshi\cache\admin_runtime\Cache\021164fcd60908c179adf53a3129ba01.php 第 143 行.
NOTIC: [8] Undefined index: store_type D:\ceshi\cache\admin_runtime\Cache\021164fcd60908c179adf53a3129ba01.php 第 144 行.
NOTIC: [8] Undefined index: sale_category D:\ceshi\cache\admin_runtime\Cache\021164fcd60908c179adf53a3129ba01.php 第 149 行.
NOTIC: [8] Undefined index: sale_category D:\ceshi\cache\admin_runtime\Cache\021164fcd60908c179adf53a3129ba01.php 第 149 行.
NOTIC: [8] Undefined index: sale_category D:\ceshi\cache\admin_runtime\Cache\021164fcd60908c179adf53a3129ba01.php 第 149 行.
NOTIC: [8] Undefined index: sale_category D:\ceshi\cache\admin_runtime\Cache\021164fcd60908c179adf53a3129ba01.php 第 149 行.
NOTIC: [8] Undefined index: sale_category D:\ceshi\cache\admin_runtime\Cache\021164fcd60908c179adf53a3129ba01.php 第 149 行.
NOTIC: [8] Undefined index: sale_category D:\ceshi\cache\admin_runtime\Cache\021164fcd60908c179adf53a3129ba01.php 第 149 行.
NOTIC: [8] Undefined index: sale_category D:\ceshi\cache\admin_runtime\Cache\021164fcd60908c179adf53a3129ba01.php 第 149 行.
NOTIC: [8] Undefined index: sale_category D:\ceshi\cache\admin_runtime\Cache\021164fcd60908c179adf53a3129ba01.php 第 149 行.
NOTIC: [8] Undefined index: sale_category D:\ceshi\cache\admin_runtime\Cache\021164fcd60908c179adf53a3129ba01.php 第 149 行.
NOTIC: [8] Undefined index: sale_category D:\ceshi\cache\admin_runtime\Cache\021164fcd60908c179adf53a3129ba01.php 第 149 行.
NOTIC: [8] Undefined index: sale_category D:\ceshi\cache\admin_runtime\Cache\021164fcd60908c179adf53a3129ba01.php 第 149 行.
NOTIC: [8] Undefined index: sale_category D:\ceshi\cache\admin_runtime\Cache\021164fcd60908c179adf53a3129ba01.php 第 149 行.
NOTIC: [8] Undefined index: sale_category D:\ceshi\cache\admin_runtime\Cache\021164fcd60908c179adf53a3129ba01.php 第 149 行.
NOTIC: [8] Undefined index: sale_category D:\ceshi\cache\admin_runtime\Cache\021164fcd60908c179adf53a3129ba01.php 第 149 行.
NOTIC: [8] Undefined index: sale_category D:\ceshi\cache\admin_runtime\Cache\021164fcd60908c179adf53a3129ba01.php 第 149 行.
NOTIC: [8] Undefined index: approve D:\ceshi\cache\admin_runtime\Cache\021164fcd60908c179adf53a3129ba01.php 第 155 行.
NOTIC: [8] Undefined index: approve D:\ceshi\cache\admin_runtime\Cache\021164fcd60908c179adf53a3129ba01.php 第 156 行.
NOTIC: [8] Undefined index: approve D:\ceshi\cache\admin_runtime\Cache\021164fcd60908c179adf53a3129ba01.php 第 157 行.
NOTIC: [8] Undefined index: status D:\ceshi\cache\admin_runtime\Cache\021164fcd60908c179adf53a3129ba01.php 第 162 行.
NOTIC: [8] Undefined index: status D:\ceshi\cache\admin_runtime\Cache\021164fcd60908c179adf53a3129ba01.php 第 163 行.
NOTIC: [8] Undefined index: status D:\ceshi\cache\admin_runtime\Cache\021164fcd60908c179adf53a3129ba01.php 第 164 行.
NOTIC: [8] Undefined index: status D:\ceshi\cache\admin_runtime\Cache\021164fcd60908c179adf53a3129ba01.php 第 165 行.
NOTIC: [8] Undefined index: status D:\ceshi\cache\admin_runtime\Cache\021164fcd60908c179adf53a3129ba01.php 第 166 行.
NOTIC: [8] Undefined index: province D:\ceshi\cache\admin_runtime\Cache\021164fcd60908c179adf53a3129ba01.php 第 170 行.
NOTIC: [8] Undefined index: city D:\ceshi\cache\admin_runtime\Cache\021164fcd60908c179adf53a3129ba01.php 第 170 行.
NOTIC: [8] Undefined index: county D:\ceshi\cache\admin_runtime\Cache\021164fcd60908c179adf53a3129ba01.php 第 170 行.
INFO: ParseTemplate Behavior ::run [ RunTime:0.027546s ]
INFO: [ view_parse ] --END-- [ RunTime:0.027618s ]
INFO: [ view_filter ] --START--
INFO: ContentReplace Behavior ::run [ RunTime:0.000649s ]
INFO: TokenBuild Behavior ::run [ RunTime:0.000497s ]
INFO: WriteHtmlCache Behavior ::run [ RunTime:0.000386s ]
INFO: ShowRuntime Behavior ::run [ RunTime:0.000583s ]
INFO: [ view_filter ] --END-- [ RunTime:0.002277s ]
INFO: [ view_end ] --START--
INFO: ShowPageTrace Behavior ::run [ RunTime:0.000642s ]
INFO: [ view_end ] --END-- [ RunTime:0.000700s ]

[ 2016-10-27T10:16:38+08:00 ] 221.220.102.88 /admin.php?c=User&a=tab_store&uid=18
INFO: [ app_begin ] --START--
INFO: ReadHtmlCache Behavior ::run [ RunTime:0.000574s ]
INFO: [ app_begin ] --END-- [ RunTime:0.000653s ]
NOTIC: [8] Use of undefined constant CURL_SSLVERSION_TLSv1 - assumed 'CURL_SSLVERSION_TLSv1' D:\ceshi\source\class\checkFunc.class.php 第 0 行.
SQL: SHOW COLUMNS FROM `pigcms_admin_group` [ RunTime:0.001633s ]
SQL: SHOW COLUMNS FROM `pigcms_admin` [ RunTime:0.001626s ]
SQL: SHOW COLUMNS FROM `pigcms_admin_rbac` [ RunTime:0.001386s ]
SQL: SHOW COLUMNS FROM `pigcms_admin_group` [ RunTime:0.001340s ]
SQL: SHOW COLUMNS FROM `pigcms_system_menu` [ RunTime:0.001382s ]
SQL: SHOW COLUMNS FROM `pigcms_system_rbac_menu` [ RunTime:0.001415s ]
SQL: SELECT `id`,`account`,`pwd`,`realname`,`phone`,`email`,`qq`,`avatar`,`last_ip`,`last_time`,`login_count`,`status`,`reward_total`,`reward_balance`,`reward_unbalance`,`group_id`,`type`,`creator`,`province`,`city`,`county`,`area_level`,`agent_code`,`open_id`,`area_admin` FROM `pigcms_admin` WHERE ( `id` = 1 ) LIMIT 1   [ RunTime:0.000381s ]
SQL: SHOW COLUMNS FROM `pigcms_config` [ RunTime:0.001697s ]
NOTIC: [8] Undefined index: my_version D:\ceshi\source\tp\Project\Lib\Action\BaseAction.class.php 第 0 行.
NOTIC: 建议使用I方法替代_get
SQL: SHOW COLUMNS FROM `pigcms_user` [ RunTime:0.001781s ]
SQL: SELECT * FROM `pigcms_user` WHERE ( `uid` = 18 ) LIMIT 1   [ RunTime:0.000248s ]

